TN:
SF:src/server.ts
FN:54,(anonymous_1)
FN:71,(anonymous_2)
FN:93,(anonymous_3)
FN:108,(anonymous_4)
FN:129,(anonymous_5)
FN:141,(anonymous_6)
FN:146,(anonymous_7)
FN:152,(anonymous_8)
FNF:8
FNH:0
FNDA:0,(anonymous_1)
FNDA:0,(anonymous_2)
FNDA:0,(anonymous_3)
FNDA:0,(anonymous_4)
FNDA:0,(anonymous_5)
FNDA:0,(anonymous_6)
FNDA:0,(anonymous_7)
FNDA:0,(anonymous_8)
DA:1,0
DA:2,0
DA:3,0
DA:4,0
DA:5,0
DA:6,0
DA:7,0
DA:8,0
DA:9,0
DA:10,0
DA:11,0
DA:12,0
DA:13,0
DA:16,0
DA:18,0
DA:19,0
DA:22,0
DA:23,0
DA:24,0
DA:25,0
DA:26,0
DA:28,0
DA:35,0
DA:44,0
DA:45,0
DA:49,0
DA:50,0
DA:51,0
DA:54,0
DA:55,0
DA:56,0
DA:58,0
DA:67,0
DA:71,0
DA:72,0
DA:89,0
DA:90,0
DA:93,0
DA:94,0
DA:108,0
DA:109,0
DA:129,0
DA:130,0
DA:132,0
DA:141,0
DA:142,0
DA:143,0
DA:146,0
DA:147,0
DA:148,0
DA:152,0
DA:153,0
DA:154,0
DA:155,0
DA:156,0
DA:159,0
LF:56
LH:0
BRDA:19,0,0,0
BRDA:19,0,1,0
BRDA:29,1,0,0
BRDA:29,1,1,0
BRDA:30,2,0,0
BRDA:30,2,1,0
BRDA:31,3,0,0
BRDA:31,3,1,0
BRDA:46,4,0,0
BRDA:46,4,1,0
BRDA:78,5,0,0
BRDA:78,5,1,0
BRDA:136,6,0,0
BRDA:136,6,1,0
BRDA:155,7,0,0
BRDA:155,7,1,0
BRDA:156,8,0,0
BRDA:156,8,1,0
BRF:18
BRH:0
end_of_record
TN:
SF:src/core/classifier.ts
FN:8,(anonymous_0)
FN:35,(anonymous_1)
FN:95,(anonymous_2)
FN:96,(anonymous_3)
FN:99,(anonymous_4)
FN:101,(anonymous_5)
FN:104,(anonymous_6)
FN:105,(anonymous_7)
FN:108,(anonymous_8)
FN:109,(anonymous_9)
FN:112,(anonymous_10)
FN:113,(anonymous_11)
FN:116,(anonymous_12)
FN:145,(anonymous_13)
FN:169,(anonymous_14)
FN:188,(anonymous_15)
FN:193,(anonymous_16)
FN:198,(anonymous_17)
FNF:18
FNH:17
FNDA:12,(anonymous_0)
FNDA:19,(anonymous_1)
FNDA:19,(anonymous_2)
FNDA:144,(anonymous_3)
FNDA:10,(anonymous_4)
FNDA:46,(anonymous_5)
FNDA:9,(anonymous_6)
FNDA:60,(anonymous_7)
FNDA:4,(anonymous_8)
FNDA:15,(anonymous_9)
FNDA:1,(anonymous_10)
FNDA:9,(anonymous_11)
FNDA:5,(anonymous_12)
FNDA:3,(anonymous_13)
FNDA:0,(anonymous_14)
FNDA:1,(anonymous_15)
FNDA:5,(anonymous_16)
FNDA:1,(anonymous_17)
DA:8,1
DA:9,12
DA:14,12
DA:19,12
DA:24,12
DA:29,12
DA:30,12
DA:31,12
DA:32,12
DA:33,12
DA:36,19
DA:39,19
DA:40,9
DA:48,10
DA:49,1
DA:58,9
DA:59,5
DA:68,4
DA:69,3
DA:78,1
DA:79,0
DA:88,1
DA:96,144
DA:100,10
DA:101,46
DA:105,60
DA:109,15
DA:113,9
DA:117,5
DA:120,5
DA:121,5
DA:122,2
DA:126,5
DA:127,5
DA:128,1
DA:132,5
DA:133,5
DA:134,4
DA:138,5
DA:139,1
DA:142,5
DA:146,3
DA:149,3
DA:150,3
DA:151,1
DA:155,3
DA:156,3
DA:157,1
DA:161,3
DA:162,3
DA:163,3
DA:166,3
DA:170,0
DA:173,0
DA:174,0
DA:175,0
DA:179,0
DA:180,0
DA:181,0
DA:182,0
DA:185,0
DA:189,1
DA:192,1
DA:193,5
DA:196,1
DA:197,1
DA:198,1
DA:201,1
LF:68
LH:58
BRDA:39,0,0,9
BRDA:48,1,0,1
BRDA:58,2,0,5
BRDA:68,3,0,3
BRDA:78,4,0,0
BRDA:121,5,0,2
BRDA:127,6,0,1
BRDA:133,7,0,4
BRDA:133,8,0,5
BRDA:133,8,1,4
BRDA:138,9,0,1
BRDA:150,10,0,1
BRDA:150,11,0,3
BRDA:150,11,1,1
BRDA:156,12,0,1
BRDA:156,13,0,3
BRDA:156,13,1,1
BRDA:162,14,0,3
BRDA:162,15,0,3
BRDA:162,15,1,3
BRDA:174,16,0,0
BRDA:179,17,0,0
BRDA:179,17,1,0
BRDA:179,18,0,0
BRDA:179,18,1,0
BRDA:181,19,0,0
BRDA:181,20,0,0
BRDA:181,20,1,0
BRDA:197,21,0,1
BRF:29
BRH:20
end_of_record
TN:
SF:src/core/orchestrator.ts
FN:26,(anonymous_0)
FN:34,(anonymous_1)
FN:61,(anonymous_2)
FN:114,(anonymous_3)
FN:142,(anonymous_4)
FN:154,(anonymous_5)
FN:181,(anonymous_6)
FN:185,(anonymous_7)
FN:201,(anonymous_8)
FN:205,(anonymous_9)
FN:209,(anonymous_10)
FN:213,(anonymous_11)
FN:216,(anonymous_12)
FN:219,(anonymous_13)
FN:223,(anonymous_14)
FN:245,(anonymous_15)
FN:254,(anonymous_16)
FN:261,(anonymous_17)
FN:274,(anonymous_18)
FNF:19
FNH:16
FNDA:15,(anonymous_0)
FNDA:18,(anonymous_1)
FNDA:12,(anonymous_2)
FNDA:2,(anonymous_3)
FNDA:2,(anonymous_4)
FNDA:1,(anonymous_5)
FNDA:47,(anonymous_6)
FNDA:2,(anonymous_7)
FNDA:3,(anonymous_8)
FNDA:6,(anonymous_9)
FNDA:0,(anonymous_10)
FNDA:0,(anonymous_11)
FNDA:4,(anonymous_12)
FNDA:0,(anonymous_13)
FNDA:24,(anonymous_14)
FNDA:2,(anonymous_15)
FNDA:1,(anonymous_16)
FNDA:1,(anonymous_17)
FNDA:44,(anonymous_18)
DA:1,1
DA:22,1
DA:23,15
DA:24,15
DA:27,15
DA:28,15
DA:29,15
DA:30,15
DA:31,15
DA:35,18
DA:37,18
DA:55,18
DA:56,18
DA:58,18
DA:62,12
DA:63,12
DA:64,0
DA:67,12
DA:68,0
DA:75,12
DA:76,0
DA:83,12
DA:84,12
DA:85,12
DA:87,12
DA:88,1
DA:91,11
DA:93,3
DA:94,3
DA:95,3
DA:97,0
DA:100,3
DA:102,9
DA:103,9
DA:104,9
DA:106,9
DA:115,2
DA:116,2
DA:117,0
DA:120,2
DA:121,2
DA:123,1
DA:124,0
DA:128,1
DA:129,1
DA:130,2
DA:131,2
DA:132,2
DA:133,2
DA:134,2
DA:137,1
DA:138,1
DA:140,1
DA:142,2
DA:146,1
DA:155,1
DA:156,1
DA:157,0
DA:160,1
DA:161,0
DA:169,1
DA:175,1
DA:178,1
DA:182,47
DA:186,2
DA:187,2
DA:189,1
DA:190,1
DA:192,1
DA:202,3
DA:204,3
DA:205,6
DA:208,3
DA:209,0
DA:212,3
DA:213,0
DA:216,4
DA:220,0
DA:224,24
DA:225,24
DA:227,24
DA:228,24
DA:230,24
DA:231,3
DA:234,24
DA:235,9
DA:238,24
DA:239,3
DA:242,24
DA:246,2
DA:247,2
DA:249,2
DA:250,2
DA:251,2
DA:255,1
DA:256,1
DA:257,1
DA:258,1
DA:262,1
DA:263,1
DA:264,1
DA:267,1
DA:268,1
DA:269,1
DA:271,1
DA:275,44
DA:283,44
DA:284,18
DA:287,44
LF:109
LH:98
BRDA:63,0,0,0
BRDA:67,1,0,0
BRDA:75,2,0,0
BRDA:75,3,0,12
BRDA:75,3,1,4
BRDA:78,4,0,0
BRDA:78,4,1,0
BRDA:87,5,0,1
BRDA:93,6,0,3
BRDA:93,6,1,0
BRDA:97,7,0,0
BRDA:97,7,1,0
BRDA:102,8,0,9
BRDA:102,8,1,0
BRDA:116,9,0,0
BRDA:123,10,0,0
BRDA:148,11,0,1
BRDA:148,11,1,0
BRDA:156,12,0,0
BRDA:160,13,0,0
BRDA:187,14,0,1
BRDA:204,15,0,2
BRDA:208,16,0,0
BRDA:212,17,0,0
BRDA:220,18,0,0
BRDA:220,18,1,0
BRDA:225,19,0,0
BRDA:230,20,0,3
BRDA:234,21,0,9
BRDA:238,22,0,3
BRDA:247,23,0,0
BRDA:255,24,0,0
BRDA:256,25,0,0
BRDA:257,26,0,0
BRDA:263,27,0,0
BRDA:264,28,0,0
BRDA:283,29,0,18
BRF:37
BRH:12
end_of_record
TN:
SF:src/core/planner.ts
FN:15,(anonymous_0)
FN:39,(anonymous_1)
FN:53,(anonymous_2)
FN:56,(anonymous_3)
FN:70,(anonymous_4)
FN:73,(anonymous_5)
FN:82,(anonymous_6)
FN:87,(anonymous_7)
FN:105,(anonymous_8)
FN:122,(anonymous_9)
FNF:10
FNH:0
FNDA:0,(anonymous_0)
FNDA:0,(anonymous_1)
FNDA:0,(anonymous_2)
FNDA:0,(anonymous_3)
FNDA:0,(anonymous_4)
FNDA:0,(anonymous_5)
FNDA:0,(anonymous_6)
FNDA:0,(anonymous_7)
FNDA:0,(anonymous_8)
FNDA:0,(anonymous_9)
DA:14,0
DA:16,0
DA:18,0
DA:19,0
DA:22,0
DA:23,0
DA:27,0
DA:41,0
DA:42,0
DA:44,0
DA:45,0
DA:46,0
DA:50,0
DA:54,0
DA:56,0
DA:63,0
DA:71,0
DA:73,0
DA:80,0
DA:82,0
DA:88,0
DA:90,0
DA:91,0
DA:94,0
DA:95,0
DA:98,0
DA:99,0
DA:102,0
DA:111,0
DA:112,0
DA:115,0
DA:116,0
DA:119,0
DA:120,0
DA:122,0
DA:123,0
DA:124,0
DA:125,0
DA:126,0
DA:131,0
DA:132,0
LF:41
LH:0
BRDA:18,0,0,0
BRDA:18,1,0,0
BRDA:18,1,1,0
BRDA:22,2,0,0
BRDA:22,3,0,0
BRDA:22,3,1,0
BRDA:22,3,2,0
BRDA:45,4,0,0
BRDA:60,5,0,0
BRDA:60,5,1,0
BRDA:66,6,0,0
BRDA:66,6,1,0
BRDA:83,7,0,0
BRDA:83,7,1,0
BRDA:90,8,0,0
BRDA:90,9,0,0
BRDA:90,9,1,0
BRDA:90,9,2,0
BRDA:94,10,0,0
BRDA:94,11,0,0
BRDA:94,11,1,0
BRDA:94,11,2,0
BRDA:98,12,0,0
BRDA:98,13,0,0
BRDA:98,13,1,0
BRDA:98,13,2,0
BRDA:111,14,0,0
BRDA:115,15,0,0
BRDA:123,16,0,0
BRDA:125,17,0,0
BRF:30
BRH:0
end_of_record
TN:
SF:src/core/supervisor.ts
FN:10,(anonymous_0)
FN:20,(anonymous_1)
FN:38,(anonymous_2)
FN:56,(anonymous_3)
FN:66,(anonymous_4)
FN:98,(anonymous_5)
FN:128,(anonymous_6)
FN:152,(anonymous_7)
FN:181,(anonymous_8)
FNF:9
FNH:0
FNDA:0,(anonymous_0)
FNDA:0,(anonymous_1)
FNDA:0,(anonymous_2)
FNDA:0,(anonymous_3)
FNDA:0,(anonymous_4)
FNDA:0,(anonymous_5)
FNDA:0,(anonymous_6)
FNDA:0,(anonymous_7)
FNDA:0,(anonymous_8)
DA:10,0
DA:11,0
DA:16,0
DA:21,0
DA:22,0
DA:23,0
DA:25,0
DA:27,0
DA:28,0
DA:30,0
DA:39,0
DA:41,0
DA:42,0
DA:49,0
DA:57,0
DA:59,0
DA:67,0
DA:68,0
DA:71,0
DA:72,0
DA:73,0
DA:78,0
DA:79,0
DA:83,0
DA:84,0
DA:88,0
DA:89,0
DA:93,0
DA:94,0
DA:95,0
DA:99,0
DA:100,0
DA:103,0
DA:104,0
DA:105,0
DA:110,0
DA:116,0
DA:117,0
DA:118,0
DA:122,0
DA:129,0
DA:132,0
DA:133,0
DA:137,0
DA:138,0
DA:142,0
DA:143,0
DA:146,0
DA:158,0
DA:160,0
DA:161,0
DA:162,0
DA:163,0
DA:166,0
DA:167,0
DA:170,0
DA:171,0
DA:174,0
DA:175,0
DA:178,0
DA:187,0
DA:189,0
DA:190,0
DA:191,0
DA:194,0
DA:195,0
DA:196,0
DA:199,0
DA:200,0
DA:201,0
DA:204,0
DA:205,0
DA:208,0
LF:73
LH:0
BRDA:25,0,0,0
BRDA:25,0,1,0
BRDA:25,0,2,0
BRDA:41,1,0,0
BRDA:72,2,0,0
BRDA:78,3,0,0
BRDA:78,4,0,0
BRDA:78,4,1,0
BRDA:78,4,2,0
BRDA:83,5,0,0
BRDA:83,6,0,0
BRDA:83,6,1,0
BRDA:83,6,2,0
BRDA:88,7,0,0
BRDA:88,8,0,0
BRDA:88,8,1,0
BRDA:88,8,2,0
BRDA:93,9,0,0
BRDA:94,10,0,0
BRDA:104,11,0,0
BRDA:117,12,0,0
BRDA:132,13,0,0
BRDA:137,14,0,0
BRDA:142,15,0,0
BRDA:160,16,0,0
BRDA:160,16,1,0
BRDA:162,17,0,0
BRDA:166,18,0,0
BRDA:170,19,0,0
BRDA:174,20,0,0
BRDA:189,21,0,0
BRDA:194,22,0,0
BRDA:199,23,0,0
BRDA:204,24,0,0
BRF:34
BRH:0
end_of_record
TN:
SF:src/core/worker.ts
FN:8,(anonymous_0)
FN:10,(anonymous_1)
FN:39,(anonymous_2)
FN:43,(anonymous_3)
FN:47,(anonymous_4)
FN:77,(anonymous_5)
FN:114,(anonymous_6)
FN:147,(anonymous_7)
FN:180,(anonymous_8)
FN:216,(anonymous_9)
FN:233,(anonymous_10)
FN:235,(anonymous_11)
FN:238,(anonymous_12)
FN:240,(anonymous_13)
FNF:14
FNH:0
FNDA:0,(anonymous_0)
FNDA:0,(anonymous_1)
FNDA:0,(anonymous_2)
FNDA:0,(anonymous_3)
FNDA:0,(anonymous_4)
FNDA:0,(anonymous_5)
FNDA:0,(anonymous_6)
FNDA:0,(anonymous_7)
FNDA:0,(anonymous_8)
FNDA:0,(anonymous_9)
FNDA:0,(anonymous_10)
FNDA:0,(anonymous_11)
FNDA:0,(anonymous_12)
FNDA:0,(anonymous_13)
DA:4,0
DA:5,0
DA:6,0
DA:8,0
DA:11,0
DA:12,0
DA:15,0
DA:16,0
DA:18,0
DA:21,0
DA:23,0
DA:24,0
DA:26,0
DA:27,0
DA:29,0
DA:32,0
DA:34,0
DA:35,0
DA:40,0
DA:44,0
DA:48,0
DA:50,0
DA:59,0
DA:69,0
DA:78,0
DA:79,0
DA:81,0
DA:82,0
DA:84,0
DA:87,0
DA:90,0
DA:93,0
DA:97,0
DA:98,0
DA:99,0
DA:100,0
DA:102,0
DA:106,0
DA:115,0
DA:116,0
DA:118,0
DA:119,0
DA:128,0
DA:139,0
DA:148,0
DA:149,0
DA:151,0
DA:152,0
DA:161,0
DA:172,0
DA:181,0
DA:182,0
DA:184,0
DA:185,0
DA:186,0
DA:194,0
DA:205,0
DA:208,0
DA:219,0
DA:234,0
DA:235,0
DA:239,0
DA:240,0
LF:63
LH:0
BRDA:11,0,0,0
BRDA:21,1,0,0
BRDA:21,1,1,0
BRDA:21,1,2,0
BRDA:71,2,0,0
BRDA:71,2,1,0
BRDA:82,3,0,0
BRDA:82,3,1,0
BRDA:82,3,2,0
BRDA:82,3,3,0
BRDA:82,3,4,0
BRDA:97,4,0,0
BRDA:97,4,1,0
BRDA:99,5,0,0
BRDA:99,5,1,0
BRDA:108,6,0,0
BRDA:108,6,1,0
BRDA:120,7,0,0
BRDA:120,7,1,0
BRDA:122,8,0,0
BRDA:122,8,1,0
BRDA:123,9,0,0
BRDA:123,9,1,0
BRDA:124,10,0,0
BRDA:124,10,1,0
BRDA:133,11,0,0
BRDA:133,11,1,0
BRDA:134,12,0,0
BRDA:134,12,1,0
BRDA:135,13,0,0
BRDA:135,13,1,0
BRDA:141,14,0,0
BRDA:141,14,1,0
BRDA:155,15,0,0
BRDA:155,15,1,0
BRDA:156,16,0,0
BRDA:156,16,1,0
BRDA:157,17,0,0
BRDA:157,17,1,0
BRDA:166,18,0,0
BRDA:166,18,1,0
BRDA:167,19,0,0
BRDA:167,19,1,0
BRDA:168,20,0,0
BRDA:168,20,1,0
BRDA:174,21,0,0
BRDA:174,21,1,0
BRDA:185,22,0,0
BRDA:185,22,1,0
BRDA:189,23,0,0
BRDA:189,23,1,0
BRDA:200,24,0,0
BRDA:200,24,1,0
BRDA:210,25,0,0
BRDA:210,25,1,0
BRF:55
BRH:0
end_of_record
TN:
SF:src/routes/stream.ts
FN:4,streamRoutes
FN:8,(anonymous_1)
FN:50,(anonymous_2)
FN:90,(anonymous_3)
FN:96,(anonymous_4)
FN:103,(anonymous_5)
FNF:6
FNH:0
FNDA:0,streamRoutes
FNDA:0,(anonymous_1)
FNDA:0,(anonymous_2)
FNDA:0,(anonymous_3)
FNDA:0,(anonymous_4)
FNDA:0,(anonymous_5)
DA:1,0
DA:4,0
DA:5,0
DA:8,0
DA:9,0
DA:11,0
DA:12,0
DA:13,0
DA:17,0
DA:26,0
DA:33,0
DA:34,0
DA:35,0
DA:42,0
DA:50,0
DA:51,0
DA:52,0
DA:53,0
DA:55,0
DA:56,0
DA:63,0
DA:66,0
DA:67,0
DA:68,0
DA:75,0
DA:76,0
DA:79,0
DA:80,0
DA:90,0
DA:91,0
DA:92,0
DA:96,0
DA:97,0
DA:98,0
DA:103,0
DA:104,0
DA:111,0
LF:37
LH:0
BRDA:11,0,0,0
BRDA:67,1,0,0
BRDA:67,2,0,0
BRDA:67,2,1,0
BRDA:67,2,2,0
BRDA:84,3,0,0
BRDA:84,3,1,0
BRF:7
BRH:0
end_of_record
TN:
SF:src/routes/tasks.ts
FN:4,taskRoutes
FN:8,(anonymous_1)
FN:33,(anonymous_2)
FN:58,(anonymous_3)
FN:83,(anonymous_4)
FN:108,(anonymous_5)
FN:140,(anonymous_6)
FN:172,(anonymous_7)
FN:202,(anonymous_8)
FNF:9
FNH:0
FNDA:0,taskRoutes
FNDA:0,(anonymous_1)
FNDA:0,(anonymous_2)
FNDA:0,(anonymous_3)
FNDA:0,(anonymous_4)
FNDA:0,(anonymous_5)
FNDA:0,(anonymous_6)
FNDA:0,(anonymous_7)
FNDA:0,(anonymous_8)
DA:1,0
DA:4,0
DA:5,0
DA:8,0
DA:9,0
DA:10,0
DA:12,0
DA:13,0
DA:16,0
DA:18,0
DA:23,0
DA:24,0
DA:33,0
DA:34,0
DA:35,0
DA:37,0
DA:38,0
DA:41,0
DA:43,0
DA:48,0
DA:49,0
DA:58,0
DA:59,0
DA:60,0
DA:62,0
DA:63,0
DA:66,0
DA:68,0
DA:73,0
DA:74,0
DA:83,0
DA:84,0
DA:85,0
DA:87,0
DA:88,0
DA:91,0
DA:93,0
DA:98,0
DA:99,0
DA:108,0
DA:109,0
DA:110,0
DA:112,0
DA:113,0
DA:116,0
DA:118,0
DA:119,0
DA:125,0
DA:130,0
DA:131,0
DA:140,0
DA:141,0
DA:142,0
DA:144,0
DA:145,0
DA:148,0
DA:150,0
DA:151,0
DA:157,0
DA:162,0
DA:163,0
DA:172,0
DA:173,0
DA:174,0
DA:176,0
DA:177,0
DA:178,0
DA:179,0
DA:181,0
DA:183,0
DA:192,0
DA:193,0
DA:202,0
DA:203,0
DA:204,0
DA:206,0
DA:207,0
DA:210,0
DA:212,0
DA:221,0
DA:222,0
DA:230,0
LF:82
LH:0
BRDA:12,0,0,0
BRDA:37,1,0,0
BRDA:62,2,0,0
BRDA:87,3,0,0
BRDA:112,4,0,0
BRDA:118,5,0,0
BRDA:144,6,0,0
BRDA:150,7,0,0
BRDA:177,8,0,0
BRDA:178,9,0,0
BRDA:179,10,0,0
BRDA:206,11,0,0
BRF:12
BRH:0
end_of_record
TN:
SF:src/tools/pollinationsTool.ts
FN:23,(anonymous_1)
FN:31,(anonymous_2)
FN:51,(anonymous_3)
FN:76,(anonymous_4)
FN:102,(anonymous_5)
FN:123,(anonymous_6)
FN:132,(anonymous_7)
FNF:7
FNH:0
FNDA:0,(anonymous_1)
FNDA:0,(anonymous_2)
FNDA:0,(anonymous_3)
FNDA:0,(anonymous_4)
FNDA:0,(anonymous_5)
FNDA:0,(anonymous_6)
FNDA:0,(anonymous_7)
DA:1,0
DA:20,0
DA:24,0
DA:32,0
DA:33,0
DA:41,0
DA:42,0
DA:45,0
DA:47,0
DA:52,0
DA:53,0
DA:66,0
DA:67,0
DA:70,0
DA:72,0
DA:77,0
DA:78,0
DA:86,0
DA:87,0
DA:91,0
DA:92,0
DA:93,0
DA:96,0
DA:98,0
DA:103,0
DA:105,0
DA:107,0
DA:113,0
DA:114,0
DA:117,0
DA:119,0
DA:124,0
DA:125,0
DA:126,0
DA:128,0
DA:133,0
DA:134,0
DA:135,0
DA:137,0
LF:39
LH:0
BRDA:25,0,0,0
BRDA:25,0,1,0
BRDA:26,1,0,0
BRDA:26,1,1,0
BRDA:31,2,0,0
BRDA:36,3,0,0
BRDA:36,3,1,0
BRDA:37,4,0,0
BRDA:37,4,1,0
BRDA:41,5,0,0
BRDA:41,6,0,0
BRDA:41,6,1,0
BRDA:51,7,0,0
BRDA:54,8,0,0
BRDA:54,8,1,0
BRDA:61,9,0,0
BRDA:61,9,1,0
BRDA:62,10,0,0
BRDA:62,10,1,0
BRDA:66,11,0,0
BRDA:66,12,0,0
BRDA:66,12,1,0
BRDA:76,13,0,0
BRDA:79,14,0,0
BRDA:79,14,1,0
BRDA:80,15,0,0
BRDA:80,15,1,0
BRDA:86,16,0,0
BRDA:91,17,0,0
BRDA:102,18,0,0
BRDA:109,19,0,0
BRDA:109,19,1,0
BRDA:113,20,0,0
BRDA:126,21,0,0
BRDA:126,21,1,0
BRF:35
BRH:0
end_of_record
