{"/workspace/api-pollinations/src/lib/pollinationsClient.ts": {"path":"/workspace/api-pollinations/src/lib/pollinationsClient.ts","statementMap":{"0":{"start":{"line":1,"column":0},"end":{"line":1,"column":65}},"1":{"start":{"line":79,"column":4},"end":{"line":79,"column":119}},"2":{"start":{"line":80,"column":4},"end":{"line":80,"column":115}},"3":{"start":{"line":81,"column":4},"end":{"line":81,"column":69}},"4":{"start":{"line":82,"column":4},"end":{"line":82,"column":75}},"5":{"start":{"line":83,"column":4},"end":{"line":83,"column":81}},"6":{"start":{"line":84,"column":4},"end":{"line":84,"column":102}},"7":{"start":{"line":86,"column":4},"end":{"line":88,"column":5}},"8":{"start":{"line":87,"column":6},"end":{"line":87,"column":58}},"9":{"start":{"line":95,"column":4},"end":{"line":111,"column":5}},"10":{"start":{"line":96,"column":23},"end":{"line":96,"column":40}},"11":{"start":{"line":97,"column":6},"end":{"line":97,"column":27}},"12":{"start":{"line":99,"column":6},"end":{"line":101,"column":7}},"13":{"start":{"line":100,"column":8},"end":{"line":100,"column":48}},"14":{"start":{"line":104,"column":6},"end":{"line":108,"column":7}},"15":{"start":{"line":105,"column":22},"end":{"line":105,"column":89}},"16":{"start":{"line":106,"column":8},"end":{"line":106,"column":65}},"17":{"start":{"line":106,"column":37},"end":{"line":106,"column":63}},"18":{"start":{"line":107,"column":8},"end":{"line":107,"column":68}},"19":{"start":{"line":110,"column":6},"end":{"line":110,"column":18}},"20":{"start":{"line":115,"column":26},"end":{"line":115,"column":52}},"21":{"start":{"line":116,"column":16},"end":{"line":116,"column":62}},"22":{"start":{"line":118,"column":39},"end":{"line":126,"column":6}},"23":{"start":{"line":128,"column":4},"end":{"line":128,"column":67}},"24":{"start":{"line":128,"column":43},"end":{"line":128,"column":65}},"25":{"start":{"line":132,"column":26},"end":{"line":132,"column":52}},"26":{"start":{"line":133,"column":16},"end":{"line":133,"column":54}},"27":{"start":{"line":135,"column":39},"end":{"line":142,"column":6}},"28":{"start":{"line":144,"column":4},"end":{"line":144,"column":67}},"29":{"start":{"line":144,"column":43},"end":{"line":144,"column":65}},"30":{"start":{"line":148,"column":24},"end":{"line":148,"column":48}},"31":{"start":{"line":149,"column":16},"end":{"line":149,"column":52}},"32":{"start":{"line":151,"column":39},"end":{"line":163,"column":6}},"33":{"start":{"line":165,"column":4},"end":{"line":165,"column":67}},"34":{"start":{"line":165,"column":43},"end":{"line":165,"column":65}},"35":{"start":{"line":169,"column":16},"end":{"line":169,"column":44}},"36":{"start":{"line":171,"column":20},"end":{"line":188,"column":6}},"37":{"start":{"line":190,"column":39},"end":{"line":196,"column":6}},"38":{"start":{"line":198,"column":21},"end":{"line":198,"column":92}},"39":{"start":{"line":198,"column":59},"end":{"line":198,"column":91}},"40":{"start":{"line":199,"column":4},"end":{"line":199,"column":57}},"41":{"start":{"line":203,"column":20},"end":{"line":203,"column":75}},"42":{"start":{"line":204,"column":16},"end":{"line":204,"column":35}},"43":{"start":{"line":206,"column":39},"end":{"line":212,"column":6}},"44":{"start":{"line":214,"column":4},"end":{"line":214,"column":67}},"45":{"start":{"line":214,"column":43},"end":{"line":214,"column":65}},"46":{"start":{"line":218,"column":16},"end":{"line":218,"column":44}},"47":{"start":{"line":220,"column":39},"end":{"line":226,"column":6}},"48":{"start":{"line":228,"column":4},"end":{"line":228,"column":77}},"49":{"start":{"line":228,"column":43},"end":{"line":228,"column":75}},"50":{"start":{"line":232,"column":4},"end":{"line":250,"column":5}},"51":{"start":{"line":233,"column":6},"end":{"line":236,"column":9}},"52":{"start":{"line":238,"column":6},"end":{"line":242,"column":8}},"53":{"start":{"line":244,"column":6},"end":{"line":249,"column":8}},"54":{"start":{"line":67,"column":0},"end":{"line":67,"column":13}}},"fnMap":{"0":{"name":"(anonymous_1)","decl":{"start":{"line":75,"column":2},"end":{"line":75,"column":null}},"loc":{"start":{"line":77,"column":24},"end":{"line":89,"column":3}}},"1":{"name":"(anonymous_2)","decl":{"start":{"line":91,"column":10},"end":{"line":91,"column":15}},"loc":{"start":{"line":93,"column":18},"end":{"line":112,"column":3}}},"2":{"name":"(anonymous_3)","decl":{"start":{"line":106,"column":26},"end":{"line":106,"column":33}},"loc":{"start":{"line":106,"column":37},"end":{"line":106,"column":63}}},"3":{"name":"(anonymous_4)","decl":{"start":{"line":114,"column":2},"end":{"line":114,"column":7}},"loc":{"start":{"line":114,"column":74},"end":{"line":129,"column":3}}},"4":{"name":"(anonymous_5)","decl":{"start":{"line":128,"column":37},"end":{"line":128,"column":40}},"loc":{"start":{"line":128,"column":43},"end":{"line":128,"column":65}}},"5":{"name":"(anonymous_6)","decl":{"start":{"line":131,"column":2},"end":{"line":131,"column":7}},"loc":{"start":{"line":131,"column":72},"end":{"line":145,"column":3}}},"6":{"name":"(anonymous_7)","decl":{"start":{"line":144,"column":37},"end":{"line":144,"column":40}},"loc":{"start":{"line":144,"column":43},"end":{"line":144,"column":65}}},"7":{"name":"(anonymous_8)","decl":{"start":{"line":147,"column":2},"end":{"line":147,"column":7}},"loc":{"start":{"line":147,"column":72},"end":{"line":166,"column":3}}},"8":{"name":"(anonymous_9)","decl":{"start":{"line":165,"column":37},"end":{"line":165,"column":40}},"loc":{"start":{"line":165,"column":43},"end":{"line":165,"column":65}}},"9":{"name":"(anonymous_10)","decl":{"start":{"line":168,"column":2},"end":{"line":168,"column":7}},"loc":{"start":{"line":168,"column":54},"end":{"line":200,"column":3}}},"10":{"name":"(anonymous_11)","decl":{"start":{"line":198,"column":53},"end":{"line":198,"column":56}},"loc":{"start":{"line":198,"column":59},"end":{"line":198,"column":91}}},"11":{"name":"(anonymous_12)","decl":{"start":{"line":202,"column":2},"end":{"line":202,"column":7}},"loc":{"start":{"line":202,"column":40},"end":{"line":215,"column":3}}},"12":{"name":"(anonymous_13)","decl":{"start":{"line":214,"column":37},"end":{"line":214,"column":40}},"loc":{"start":{"line":214,"column":43},"end":{"line":214,"column":65}}},"13":{"name":"(anonymous_14)","decl":{"start":{"line":217,"column":2},"end":{"line":217,"column":7}},"loc":{"start":{"line":217,"column":55},"end":{"line":229,"column":3}}},"14":{"name":"(anonymous_15)","decl":{"start":{"line":228,"column":37},"end":{"line":228,"column":40}},"loc":{"start":{"line":228,"column":43},"end":{"line":228,"column":75}}},"15":{"name":"(anonymous_16)","decl":{"start":{"line":231,"column":2},"end":{"line":231,"column":7}},"loc":{"start":{"line":231,"column":19},"end":{"line":251,"column":3}}}},"branchMap":{"0":{"loc":{"start":{"line":79,"column":24},"end":{"line":79,"column":118}},"type":"binary-expr","locations":[{"start":{"line":79,"column":24},"end":{"line":79,"column":36}},{"start":{"line":79,"column":41},"end":{"line":79,"column":83}},{"start":{"line":79,"column":87},"end":{"line":79,"column":118}}]},"1":{"loc":{"start":{"line":80,"column":23},"end":{"line":80,"column":114}},"type":"binary-expr","locations":[{"start":{"line":80,"column":23},"end":{"line":80,"column":34}},{"start":{"line":80,"column":39},"end":{"line":80,"column":80}},{"start":{"line":80,"column":84},"end":{"line":80,"column":114}}]},"2":{"loc":{"start":{"line":81,"column":19},"end":{"line":81,"column":68}},"type":"binary-expr","locations":[{"start":{"line":81,"column":19},"end":{"line":81,"column":62}},{"start":{"line":81,"column":66},"end":{"line":81,"column":68}}]},"3":{"loc":{"start":{"line":82,"column":32},"end":{"line":82,"column":73}},"type":"binary-expr","locations":[{"start":{"line":82,"column":32},"end":{"line":82,"column":66}},{"start":{"line":82,"column":70},"end":{"line":82,"column":73}}]},"4":{"loc":{"start":{"line":83,"column":32},"end":{"line":83,"column":79}},"type":"binary-expr","locations":[{"start":{"line":83,"column":32},"end":{"line":83,"column":69}},{"start":{"line":83,"column":73},"end":{"line":83,"column":79}}]},"5":{"loc":{"start":{"line":84,"column":46},"end":{"line":84,"column":100}},"type":"binary-expr","locations":[{"start":{"line":84,"column":46},"end":{"line":84,"column":93}},{"start":{"line":84,"column":97},"end":{"line":84,"column":100}}]},"6":{"loc":{"start":{"line":86,"column":4},"end":{"line":88,"column":5}},"type":"if","locations":[{"start":{"line":86,"column":4},"end":{"line":88,"column":5}}]},"7":{"loc":{"start":{"line":93,"column":4},"end":{"line":93,"column":18}},"type":"default-arg","locations":[{"start":{"line":93,"column":17},"end":{"line":93,"column":18}}]},"8":{"loc":{"start":{"line":99,"column":6},"end":{"line":101,"column":7}},"type":"if","locations":[{"start":{"line":99,"column":6},"end":{"line":101,"column":7}}]},"9":{"loc":{"start":{"line":104,"column":6},"end":{"line":108,"column":7}},"type":"if","locations":[{"start":{"line":104,"column":6},"end":{"line":108,"column":7}}]},"10":{"loc":{"start":{"line":114,"column":38},"end":{"line":114,"column":74}},"type":"default-arg","locations":[{"start":{"line":114,"column":72},"end":{"line":114,"column":74}}]},"11":{"loc":{"start":{"line":125,"column":25},"end":{"line":125,"column":87}},"type":"binary-expr","locations":[{"start":{"line":125,"column":25},"end":{"line":125,"column":75}},{"start":{"line":125,"column":79},"end":{"line":125,"column":87}}]},"12":{"loc":{"start":{"line":131,"column":37},"end":{"line":131,"column":72}},"type":"default-arg","locations":[{"start":{"line":131,"column":70},"end":{"line":131,"column":72}}]},"13":{"loc":{"start":{"line":139,"column":18},"end":{"line":139,"column":69}},"type":"cond-expr","locations":[{"start":{"line":139,"column":35},"end":{"line":139,"column":54}},{"start":{"line":139,"column":57},"end":{"line":139,"column":69}}]},"14":{"loc":{"start":{"line":141,"column":25},"end":{"line":141,"column":85}},"type":"binary-expr","locations":[{"start":{"line":141,"column":25},"end":{"line":141,"column":74}},{"start":{"line":141,"column":78},"end":{"line":141,"column":85}}]},"15":{"loc":{"start":{"line":147,"column":36},"end":{"line":147,"column":72}},"type":"default-arg","locations":[{"start":{"line":147,"column":70},"end":{"line":147,"column":72}}]},"16":{"loc":{"start":{"line":154,"column":15},"end":{"line":154,"column":39}},"type":"binary-expr","locations":[{"start":{"line":154,"column":15},"end":{"line":154,"column":28}},{"start":{"line":154,"column":32},"end":{"line":154,"column":39}}]},"17":{"loc":{"start":{"line":162,"column":25},"end":{"line":162,"column":87}},"type":"binary-expr","locations":[{"start":{"line":162,"column":25},"end":{"line":162,"column":75}},{"start":{"line":162,"column":79},"end":{"line":162,"column":87}}]},"18":{"loc":{"start":{"line":195,"column":25},"end":{"line":195,"column":85}},"type":"binary-expr","locations":[{"start":{"line":195,"column":25},"end":{"line":195,"column":74}},{"start":{"line":195,"column":78},"end":{"line":195,"column":85}}]},"19":{"loc":{"start":{"line":199,"column":11},"end":{"line":199,"column":56}},"type":"binary-expr","locations":[{"start":{"line":199,"column":11},"end":{"line":199,"column":50}},{"start":{"line":199,"column":54},"end":{"line":199,"column":56}}]},"20":{"loc":{"start":{"line":203,"column":20},"end":{"line":203,"column":75}},"type":"cond-expr","locations":[{"start":{"line":203,"column":39},"end":{"line":203,"column":56}},{"start":{"line":203,"column":59},"end":{"line":203,"column":75}}]},"21":{"loc":{"start":{"line":211,"column":25},"end":{"line":211,"column":85}},"type":"binary-expr","locations":[{"start":{"line":211,"column":25},"end":{"line":211,"column":74}},{"start":{"line":211,"column":78},"end":{"line":211,"column":85}}]},"22":{"loc":{"start":{"line":225,"column":25},"end":{"line":225,"column":85}},"type":"binary-expr","locations":[{"start":{"line":225,"column":25},"end":{"line":225,"column":74}},{"start":{"line":225,"column":78},"end":{"line":225,"column":85}}]}},"s":{"0":4,"1":18,"2":18,"3":18,"4":18,"5":18,"6":18,"7":18,"8":1,"9":16,"10":16,"11":10,"12":6,"13":1,"14":5,"15":5,"16":5,"17":5,"18":5,"19":0,"20":3,"21":3,"22":3,"23":3,"24":8,"25":2,"26":2,"27":2,"28":2,"29":2,"30":2,"31":2,"32":2,"33":2,"34":2,"35":1,"36":1,"37":1,"38":1,"39":1,"40":1,"41":2,"42":2,"43":2,"44":2,"45":2,"46":1,"47":1,"48":1,"49":1,"50":2,"51":2,"52":1,"53":1,"54":4},"f":{"0":18,"1":16,"2":5,"3":3,"4":8,"5":2,"6":2,"7":2,"8":2,"9":1,"10":1,"11":2,"12":2,"13":1,"14":1,"15":2},"b":{"0":[18,17,16],"1":[18,17,16],"2":[18,1],"3":[18,17],"4":[18,17],"5":[18,17],"6":[1],"7":[11],"8":[1],"9":[5],"10":[2],"11":[3,3],"12":[0],"13":[1,1],"14":[2,2],"15":[0],"16":[2,0],"17":[2,1],"18":[1,1],"19":[1,0],"20":[1,1],"21":[2,2],"22":[1,1]}}
,"/workspace/api-pollinations/src/lib/adapters/openaiAdapter.ts": {"path":"/workspace/api-pollinations/src/lib/adapters/openaiAdapter.ts","statementMap":{"0":{"start":{"line":119,"column":2},"end":{"line":151,"column":4}},"1":{"start":{"line":121,"column":6},"end":{"line":123,"column":7}},"2":{"start":{"line":122,"column":8},"end":{"line":122,"column":67}},"3":{"start":{"line":125,"column":19},"end":{"line":125,"column":46}},"4":{"start":{"line":126,"column":32},"end":{"line":126,"column":52}},"5":{"start":{"line":128,"column":39},"end":{"line":132,"column":8}},"6":{"start":{"line":135,"column":6},"end":{"line":137,"column":7}},"7":{"start":{"line":136,"column":8},"end":{"line":136,"column":43}},"8":{"start":{"line":139,"column":26},"end":{"line":139,"column":94}},"9":{"start":{"line":141,"column":6},"end":{"line":149,"column":8}},"10":{"start":{"line":153,"column":2},"end":{"line":183,"column":4}},"11":{"start":{"line":156,"column":8},"end":{"line":158,"column":9}},"12":{"start":{"line":157,"column":10},"end":{"line":157,"column":71}},"13":{"start":{"line":160,"column":41},"end":{"line":163,"column":10}},"14":{"start":{"line":166,"column":8},"end":{"line":166,"column":101}},"15":{"start":{"line":166,"column":47},"end":{"line":166,"column":101}},"16":{"start":{"line":167,"column":8},"end":{"line":167,"column":83}},"17":{"start":{"line":167,"column":41},"end":{"line":167,"column":83}},"18":{"start":{"line":168,"column":8},"end":{"line":168,"column":71}},"19":{"start":{"line":168,"column":37},"end":{"line":168,"column":71}},"20":{"start":{"line":169,"column":8},"end":{"line":169,"column":86}},"21":{"start":{"line":169,"column":42},"end":{"line":169,"column":86}},"22":{"start":{"line":170,"column":8},"end":{"line":170,"column":98}},"23":{"start":{"line":170,"column":46},"end":{"line":170,"column":98}},"24":{"start":{"line":171,"column":8},"end":{"line":171,"column":116}},"25":{"start":{"line":171,"column":52},"end":{"line":171,"column":116}},"26":{"start":{"line":172,"column":8},"end":{"line":172,"column":119}},"27":{"start":{"line":172,"column":53},"end":{"line":172,"column":119}},"28":{"start":{"line":173,"column":8},"end":{"line":173,"column":98}},"29":{"start":{"line":173,"column":46},"end":{"line":173,"column":98}},"30":{"start":{"line":174,"column":8},"end":{"line":174,"column":80}},"31":{"start":{"line":174,"column":40},"end":{"line":174,"column":80}},"32":{"start":{"line":175,"column":8},"end":{"line":175,"column":113}},"33":{"start":{"line":175,"column":51},"end":{"line":175,"column":113}},"34":{"start":{"line":176,"column":8},"end":{"line":176,"column":83}},"35":{"start":{"line":176,"column":41},"end":{"line":176,"column":83}},"36":{"start":{"line":177,"column":8},"end":{"line":177,"column":101}},"37":{"start":{"line":177,"column":47},"end":{"line":177,"column":101}},"38":{"start":{"line":178,"column":8},"end":{"line":178,"column":80}},"39":{"start":{"line":178,"column":40},"end":{"line":178,"column":80}},"40":{"start":{"line":180,"column":8},"end":{"line":180,"column":75}},"41":{"start":{"line":185,"column":2},"end":{"line":220,"column":4}},"42":{"start":{"line":188,"column":8},"end":{"line":190,"column":9}},"43":{"start":{"line":189,"column":10},"end":{"line":189,"column":73}},"44":{"start":{"line":192,"column":36},"end":{"line":195,"column":10}},"45":{"start":{"line":197,"column":8},"end":{"line":197,"column":83}},"46":{"start":{"line":203,"column":8},"end":{"line":205,"column":9}},"47":{"start":{"line":204,"column":10},"end":{"line":204,"column":70}},"48":{"start":{"line":208,"column":28},"end":{"line":208,"column":59}},"49":{"start":{"line":211,"column":21},"end":{"line":211,"column":26}},"50":{"start":{"line":212,"column":8},"end":{"line":215,"column":9}},"51":{"start":{"line":214,"column":10},"end":{"line":214,"column":25}},"52":{"start":{"line":217,"column":8},"end":{"line":217,"column":67}},"53":{"start":{"line":222,"column":2},"end":{"line":242,"column":4}},"54":{"start":{"line":224,"column":40},"end":{"line":227,"column":8}},"55":{"start":{"line":229,"column":24},"end":{"line":229,"column":55}},"56":{"start":{"line":230,"column":18},"end":{"line":230,"column":47}},"57":{"start":{"line":232,"column":6},"end":{"line":240,"column":8}},"58":{"start":{"line":234,"column":40},"end":{"line":239,"column":10}},"59":{"start":{"line":58,"column":4},"end":{"line":58,"column":25}},"60":{"start":{"line":62,"column":4},"end":{"line":69,"column":5}},"61":{"start":{"line":64,"column":52},"end":{"line":67,"column":8}},"62":{"start":{"line":68,"column":6},"end":{"line":68,"column":50}},"63":{"start":{"line":71,"column":4},"end":{"line":82,"column":5}},"64":{"start":{"line":73,"column":51},"end":{"line":80,"column":8}},"65":{"start":{"line":81,"column":6},"end":{"line":81,"column":51}},"66":{"start":{"line":84,"column":4},"end":{"line":91,"column":5}},"67":{"start":{"line":86,"column":52},"end":{"line":89,"column":8}},"68":{"start":{"line":90,"column":6},"end":{"line":90,"column":58}},"69":{"start":{"line":93,"column":4},"end":{"line":93,"column":20}},"70":{"start":{"line":97,"column":18},"end":{"line":97,"column":33}},"71":{"start":{"line":98,"column":4},"end":{"line":100,"column":5}},"72":{"start":{"line":99,"column":6},"end":{"line":99,"column":45}},"73":{"start":{"line":102,"column":21},"end":{"line":102,"column":30}},"74":{"start":{"line":103,"column":22},"end":{"line":103,"column":31}},"75":{"start":{"line":104,"column":18},"end":{"line":104,"column":36}},"76":{"start":{"line":105,"column":19},"end":{"line":105,"column":38}},"77":{"start":{"line":107,"column":4},"end":{"line":109,"column":5}},"78":{"start":{"line":108,"column":6},"end":{"line":108,"column":45}},"79":{"start":{"line":111,"column":4},"end":{"line":111,"column":29}},"80":{"start":{"line":115,"column":19},"end":{"line":115,"column":44}},"81":{"start":{"line":116,"column":4},"end":{"line":116,"column":47}},"82":{"start":{"line":54,"column":0},"end":{"line":54,"column":13}}},"fnMap":{"0":{"name":"(anonymous_0)","decl":{"start":{"line":57,"column":2},"end":{"line":57,"column":14}},"loc":{"start":{"line":57,"column":40},"end":{"line":59,"column":3}}},"1":{"name":"(anonymous_1)","decl":{"start":{"line":120,"column":14},"end":{"line":120,"column":19}},"loc":{"start":{"line":120,"column":62},"end":{"line":150,"column":5}}},"2":{"name":"(anonymous_2)","decl":{"start":{"line":155,"column":14},"end":{"line":155,"column":19}},"loc":{"start":{"line":155,"column":61},"end":{"line":181,"column":7}}},"3":{"name":"(anonymous_3)","decl":{"start":{"line":187,"column":14},"end":{"line":187,"column":19}},"loc":{"start":{"line":187,"column":58},"end":{"line":198,"column":7}}},"4":{"name":"(anonymous_4)","decl":{"start":{"line":202,"column":14},"end":{"line":202,"column":19}},"loc":{"start":{"line":202,"column":65},"end":{"line":218,"column":7}}},"5":{"name":"(anonymous_5)","decl":{"start":{"line":223,"column":10},"end":{"line":223,"column":15}},"loc":{"start":{"line":223,"column":21},"end":{"line":241,"column":5}}},"6":{"name":"(anonymous_6)","decl":{"start":{"line":234,"column":28},"end":{"line":234,"column":35}},"loc":{"start":{"line":234,"column":40},"end":{"line":239,"column":10}}},"7":{"name":"(anonymous_7)","decl":{"start":{"line":61,"column":10},"end":{"line":61,"column":38}},"loc":{"start":{"line":61,"column":92},"end":{"line":94,"column":3}}},"8":{"name":"(anonymous_8)","decl":{"start":{"line":96,"column":10},"end":{"line":96,"column":19}},"loc":{"start":{"line":96,"column":32},"end":{"line":112,"column":3}}},"9":{"name":"(anonymous_9)","decl":{"start":{"line":114,"column":10},"end":{"line":114,"column":27}},"loc":{"start":{"line":114,"column":75},"end":{"line":117,"column":3}}}},"branchMap":{"0":{"loc":{"start":{"line":121,"column":6},"end":{"line":123,"column":7}},"type":"if","locations":[{"start":{"line":121,"column":6},"end":{"line":123,"column":7}}]},"1":{"loc":{"start":{"line":125,"column":19},"end":{"line":125,"column":46}},"type":"binary-expr","locations":[{"start":{"line":125,"column":19},"end":{"line":125,"column":31}},{"start":{"line":125,"column":35},"end":{"line":125,"column":46}}]},"2":{"loc":{"start":{"line":131,"column":49},"end":{"line":131,"column":76}},"type":"binary-expr","locations":[{"start":{"line":131,"column":49},"end":{"line":131,"column":62}},{"start":{"line":131,"column":66},"end":{"line":131,"column":76}}]},"3":{"loc":{"start":{"line":135,"column":6},"end":{"line":137,"column":7}},"type":"if","locations":[{"start":{"line":135,"column":6},"end":{"line":137,"column":7}}]},"4":{"loc":{"start":{"line":156,"column":8},"end":{"line":158,"column":9}},"type":"if","locations":[{"start":{"line":156,"column":8},"end":{"line":158,"column":9}}]},"5":{"loc":{"start":{"line":156,"column":12},"end":{"line":156,"column":62}},"type":"binary-expr","locations":[{"start":{"line":156,"column":12},"end":{"line":156,"column":29}},{"start":{"line":156,"column":33},"end":{"line":156,"column":62}}]},"6":{"loc":{"start":{"line":166,"column":8},"end":{"line":166,"column":101}},"type":"if","locations":[{"start":{"line":166,"column":8},"end":{"line":166,"column":101}}]},"7":{"loc":{"start":{"line":167,"column":8},"end":{"line":167,"column":83}},"type":"if","locations":[{"start":{"line":167,"column":8},"end":{"line":167,"column":83}}]},"8":{"loc":{"start":{"line":168,"column":8},"end":{"line":168,"column":71}},"type":"if","locations":[{"start":{"line":168,"column":8},"end":{"line":168,"column":71}}]},"9":{"loc":{"start":{"line":169,"column":8},"end":{"line":169,"column":86}},"type":"if","locations":[{"start":{"line":169,"column":8},"end":{"line":169,"column":86}}]},"10":{"loc":{"start":{"line":170,"column":8},"end":{"line":170,"column":98}},"type":"if","locations":[{"start":{"line":170,"column":8},"end":{"line":170,"column":98}}]},"11":{"loc":{"start":{"line":171,"column":8},"end":{"line":171,"column":116}},"type":"if","locations":[{"start":{"line":171,"column":8},"end":{"line":171,"column":116}}]},"12":{"loc":{"start":{"line":172,"column":8},"end":{"line":172,"column":119}},"type":"if","locations":[{"start":{"line":172,"column":8},"end":{"line":172,"column":119}}]},"13":{"loc":{"start":{"line":173,"column":8},"end":{"line":173,"column":98}},"type":"if","locations":[{"start":{"line":173,"column":8},"end":{"line":173,"column":98}}]},"14":{"loc":{"start":{"line":174,"column":8},"end":{"line":174,"column":80}},"type":"if","locations":[{"start":{"line":174,"column":8},"end":{"line":174,"column":80}}]},"15":{"loc":{"start":{"line":175,"column":8},"end":{"line":175,"column":113}},"type":"if","locations":[{"start":{"line":175,"column":8},"end":{"line":175,"column":113}}]},"16":{"loc":{"start":{"line":176,"column":8},"end":{"line":176,"column":83}},"type":"if","locations":[{"start":{"line":176,"column":8},"end":{"line":176,"column":83}}]},"17":{"loc":{"start":{"line":177,"column":8},"end":{"line":177,"column":101}},"type":"if","locations":[{"start":{"line":177,"column":8},"end":{"line":177,"column":101}}]},"18":{"loc":{"start":{"line":178,"column":8},"end":{"line":178,"column":80}},"type":"if","locations":[{"start":{"line":178,"column":8},"end":{"line":178,"column":80}}]},"19":{"loc":{"start":{"line":188,"column":8},"end":{"line":190,"column":9}},"type":"if","locations":[{"start":{"line":188,"column":8},"end":{"line":190,"column":9}}]},"20":{"loc":{"start":{"line":203,"column":8},"end":{"line":205,"column":9}},"type":"if","locations":[{"start":{"line":203,"column":8},"end":{"line":205,"column":9}}]},"21":{"loc":{"start":{"line":212,"column":8},"end":{"line":215,"column":9}},"type":"if","locations":[{"start":{"line":212,"column":8},"end":{"line":215,"column":9}}]},"22":{"loc":{"start":{"line":62,"column":4},"end":{"line":69,"column":5}},"type":"if","locations":[{"start":{"line":62,"column":4},"end":{"line":69,"column":5}}]},"23":{"loc":{"start":{"line":68,"column":13},"end":{"line":68,"column":49}},"type":"binary-expr","locations":[{"start":{"line":68,"column":13},"end":{"line":68,"column":39}},{"start":{"line":68,"column":43},"end":{"line":68,"column":49}}]},"24":{"loc":{"start":{"line":71,"column":4},"end":{"line":82,"column":5}},"type":"if","locations":[{"start":{"line":71,"column":4},"end":{"line":82,"column":5}}]},"25":{"loc":{"start":{"line":81,"column":13},"end":{"line":81,"column":50}},"type":"binary-expr","locations":[{"start":{"line":81,"column":13},"end":{"line":81,"column":38}},{"start":{"line":81,"column":42},"end":{"line":81,"column":50}}]},"26":{"loc":{"start":{"line":84,"column":4},"end":{"line":91,"column":5}},"type":"if","locations":[{"start":{"line":84,"column":4},"end":{"line":91,"column":5}}]},"27":{"loc":{"start":{"line":90,"column":13},"end":{"line":90,"column":57}},"type":"binary-expr","locations":[{"start":{"line":90,"column":13},"end":{"line":90,"column":39}},{"start":{"line":90,"column":43},"end":{"line":90,"column":57}}]},"28":{"loc":{"start":{"line":98,"column":4},"end":{"line":100,"column":5}},"type":"if","locations":[{"start":{"line":98,"column":4},"end":{"line":100,"column":5}}]},"29":{"loc":{"start":{"line":107,"column":4},"end":{"line":109,"column":5}},"type":"if","locations":[{"start":{"line":107,"column":4},"end":{"line":109,"column":5}}]},"30":{"loc":{"start":{"line":107,"column":8},"end":{"line":107,"column":37}},"type":"binary-expr","locations":[{"start":{"line":107,"column":8},"end":{"line":107,"column":20}},{"start":{"line":107,"column":24},"end":{"line":107,"column":37}}]},"31":{"loc":{"start":{"line":114,"column":44},"end":{"line":114,"column":75}},"type":"default-arg","locations":[{"start":{"line":114,"column":63},"end":{"line":114,"column":75}}]}},"s":{"0":13,"1":12,"2":1,"3":11,"4":11,"5":11,"6":11,"7":1,"8":11,"9":10,"10":13,"11":6,"12":0,"13":6,"14":6,"15":1,"16":6,"17":0,"18":6,"19":0,"20":6,"21":1,"22":6,"23":1,"24":6,"25":0,"26":6,"27":0,"28":6,"29":0,"30":6,"31":0,"32":6,"33":0,"34":6,"35":0,"36":6,"37":0,"38":6,"39":0,"40":6,"41":13,"42":7,"43":0,"44":7,"45":7,"46":1,"47":0,"48":1,"49":1,"50":1,"51":1,"52":1,"53":13,"54":1,"55":1,"56":1,"57":1,"58":5,"59":13,"60":24,"61":11,"62":11,"63":13,"64":6,"65":6,"66":7,"67":7,"68":7,"69":0,"70":11,"71":11,"72":0,"73":11,"74":11,"75":11,"76":11,"77":11,"78":0,"79":11,"80":10,"81":10,"82":1},"f":{"0":13,"1":12,"2":6,"3":7,"4":1,"5":1,"6":5,"7":24,"8":11,"9":10},"b":{"0":[1],"1":[11,4],"2":[11,7],"3":[1],"4":[0],"5":[6,6],"6":[1],"7":[0],"8":[0],"9":[1],"10":[1],"11":[0],"12":[0],"13":[0],"14":[0],"15":[0],"16":[0],"17":[0],"18":[0],"19":[0],"20":[0],"21":[1],"22":[11],"23":[11,1],"24":[6],"25":[6,1],"26":[7],"27":[7,0],"28":[0],"29":[0],"30":[11,11],"31":[10]}}
,"/workspace/api-pollinations/src/routes/audio.ts": {"path":"/workspace/api-pollinations/src/routes/audio.ts","statementMap":{"0":{"start":{"line":4,"column":0},"end":{"line":4,"column":16}},"1":{"start":{"line":1,"column":0},"end":{"line":1,"column":52}},"2":{"start":{"line":5,"column":17},"end":{"line":5,"column":25}},"3":{"start":{"line":8,"column":2},"end":{"line":45,"column":5}},"4":{"start":{"line":9,"column":4},"end":{"line":44,"column":5}},"5":{"start":{"line":10,"column":48},"end":{"line":10,"column":56}},"6":{"start":{"line":12,"column":6},"end":{"line":14,"column":7}},"7":{"start":{"line":13,"column":8},"end":{"line":13,"column":73}},"8":{"start":{"line":16,"column":6},"end":{"line":18,"column":7}},"9":{"start":{"line":17,"column":8},"end":{"line":17,"column":68}},"10":{"start":{"line":21,"column":26},"end":{"line":21,"column":79}},"11":{"start":{"line":22,"column":6},"end":{"line":26,"column":7}},"12":{"start":{"line":23,"column":8},"end":{"line":25,"column":11}},"13":{"start":{"line":29,"column":26},"end":{"line":32,"column":8}},"14":{"start":{"line":35,"column":6},"end":{"line":35,"column":50}},"15":{"start":{"line":36,"column":6},"end":{"line":36,"column":69}},"16":{"start":{"line":39,"column":6},"end":{"line":39,"column":35}},"17":{"start":{"line":42,"column":6},"end":{"line":42,"column":54}},"18":{"start":{"line":43,"column":6},"end":{"line":43,"column":70}},"19":{"start":{"line":48,"column":2},"end":{"line":85,"column":5}},"20":{"start":{"line":49,"column":4},"end":{"line":84,"column":5}},"21":{"start":{"line":50,"column":23},"end":{"line":50,"column":33}},"22":{"start":{"line":51,"column":58},"end":{"line":51,"column":67}},"23":{"start":{"line":53,"column":6},"end":{"line":55,"column":7}},"24":{"start":{"line":54,"column":8},"end":{"line":54,"column":67}},"25":{"start":{"line":58,"column":26},"end":{"line":58,"column":50}},"26":{"start":{"line":61,"column":26},"end":{"line":61,"column":79}},"27":{"start":{"line":62,"column":6},"end":{"line":66,"column":7}},"28":{"start":{"line":63,"column":8},"end":{"line":65,"column":11}},"29":{"start":{"line":69,"column":26},"end":{"line":72,"column":8}},"30":{"start":{"line":75,"column":6},"end":{"line":75,"column":50}},"31":{"start":{"line":76,"column":6},"end":{"line":76,"column":69}},"32":{"start":{"line":79,"column":6},"end":{"line":79,"column":35}},"33":{"start":{"line":82,"column":6},"end":{"line":82,"column":54}},"34":{"start":{"line":83,"column":6},"end":{"line":83,"column":70}},"35":{"start":{"line":88,"column":2},"end":{"line":137,"column":5}},"36":{"start":{"line":89,"column":4},"end":{"line":136,"column":5}},"37":{"start":{"line":90,"column":66},"end":{"line":90,"column":74}},"38":{"start":{"line":92,"column":6},"end":{"line":94,"column":7}},"39":{"start":{"line":93,"column":8},"end":{"line":93,"column":73}},"40":{"start":{"line":96,"column":6},"end":{"line":98,"column":7}},"41":{"start":{"line":97,"column":8},"end":{"line":97,"column":68}},"42":{"start":{"line":102,"column":6},"end":{"line":108,"column":7}},"43":{"start":{"line":103,"column":8},"end":{"line":103,"column":46}},"44":{"start":{"line":104,"column":13},"end":{"line":108,"column":7}},"45":{"start":{"line":105,"column":8},"end":{"line":105,"column":27}},"46":{"start":{"line":107,"column":8},"end":{"line":107,"column":70}},"47":{"start":{"line":111,"column":19},"end":{"line":111,"column":24}},"48":{"start":{"line":112,"column":6},"end":{"line":117,"column":7}},"49":{"start":{"line":113,"column":22},"end":{"line":113,"column":70}},"50":{"start":{"line":114,"column":8},"end":{"line":116,"column":9}},"51":{"start":{"line":115,"column":10},"end":{"line":115,"column":28}},"52":{"start":{"line":120,"column":28},"end":{"line":120,"column":74}},"53":{"start":{"line":123,"column":6},"end":{"line":131,"column":7}},"54":{"start":{"line":124,"column":8},"end":{"line":127,"column":11}},"55":{"start":{"line":129,"column":8},"end":{"line":129,"column":52}},"56":{"start":{"line":130,"column":8},"end":{"line":130,"column":39}},"57":{"start":{"line":134,"column":6},"end":{"line":134,"column":57}},"58":{"start":{"line":135,"column":6},"end":{"line":135,"column":70}},"59":{"start":{"line":140,"column":2},"end":{"line":147,"column":5}},"60":{"start":{"line":143,"column":4},"end":{"line":146,"column":7}},"61":{"start":{"line":149,"column":2},"end":{"line":149,"column":16}}},"fnMap":{"0":{"name":"audioRoutes","decl":{"start":{"line":4,"column":16},"end":{"line":4,"column":27}},"loc":{"start":{"line":4,"column":54},"end":{"line":150,"column":1}}},"1":{"name":"(anonymous_1)","decl":{"start":{"line":8,"column":25},"end":{"line":8,"column":30}},"loc":{"start":{"line":8,"column":63},"end":{"line":45,"column":3}}},"2":{"name":"(anonymous_2)","decl":{"start":{"line":48,"column":30},"end":{"line":48,"column":35}},"loc":{"start":{"line":48,"column":68},"end":{"line":85,"column":3}}},"3":{"name":"(anonymous_3)","decl":{"start":{"line":88,"column":33},"end":{"line":88,"column":38}},"loc":{"start":{"line":88,"column":71},"end":{"line":137,"column":3}}},"4":{"name":"(anonymous_4)","decl":{"start":{"line":140,"column":43},"end":{"line":140,"column":48}},"loc":{"start":{"line":140,"column":82},"end":{"line":147,"column":3}}}},"branchMap":{"0":{"loc":{"start":{"line":10,"column":28},"end":{"line":10,"column":43}},"type":"default-arg","locations":[{"start":{"line":10,"column":36},"end":{"line":10,"column":43}}]},"1":{"loc":{"start":{"line":12,"column":6},"end":{"line":14,"column":7}},"type":"if","locations":[{"start":{"line":12,"column":6},"end":{"line":14,"column":7}}]},"2":{"loc":{"start":{"line":16,"column":6},"end":{"line":18,"column":7}},"type":"if","locations":[{"start":{"line":16,"column":6},"end":{"line":18,"column":7}}]},"3":{"loc":{"start":{"line":22,"column":6},"end":{"line":26,"column":7}},"type":"if","locations":[{"start":{"line":22,"column":6},"end":{"line":26,"column":7}}]},"4":{"loc":{"start":{"line":51,"column":14},"end":{"line":51,"column":29}},"type":"default-arg","locations":[{"start":{"line":51,"column":22},"end":{"line":51,"column":29}}]},"5":{"loc":{"start":{"line":51,"column":31},"end":{"line":51,"column":53}},"type":"default-arg","locations":[{"start":{"line":51,"column":39},"end":{"line":51,"column":53}}]},"6":{"loc":{"start":{"line":53,"column":6},"end":{"line":55,"column":7}},"type":"if","locations":[{"start":{"line":53,"column":6},"end":{"line":55,"column":7}}]},"7":{"loc":{"start":{"line":62,"column":6},"end":{"line":66,"column":7}},"type":"if","locations":[{"start":{"line":62,"column":6},"end":{"line":66,"column":7}}]},"8":{"loc":{"start":{"line":90,"column":27},"end":{"line":90,"column":51}},"type":"default-arg","locations":[{"start":{"line":90,"column":45},"end":{"line":90,"column":51}}]},"9":{"loc":{"start":{"line":92,"column":6},"end":{"line":94,"column":7}},"type":"if","locations":[{"start":{"line":92,"column":6},"end":{"line":94,"column":7}}]},"10":{"loc":{"start":{"line":96,"column":6},"end":{"line":98,"column":7}},"type":"if","locations":[{"start":{"line":96,"column":6},"end":{"line":98,"column":7}}]},"11":{"loc":{"start":{"line":102,"column":6},"end":{"line":108,"column":7}},"type":"if","locations":[{"start":{"line":102,"column":6},"end":{"line":108,"column":7}},{"start":{"line":104,"column":13},"end":{"line":108,"column":7}}]},"12":{"loc":{"start":{"line":104,"column":13},"end":{"line":108,"column":7}},"type":"if","locations":[{"start":{"line":104,"column":13},"end":{"line":108,"column":7}},{"start":{"line":106,"column":13},"end":{"line":108,"column":7}}]},"13":{"loc":{"start":{"line":112,"column":6},"end":{"line":117,"column":7}},"type":"if","locations":[{"start":{"line":112,"column":6},"end":{"line":117,"column":7}}]},"14":{"loc":{"start":{"line":114,"column":8},"end":{"line":116,"column":9}},"type":"if","locations":[{"start":{"line":114,"column":8},"end":{"line":116,"column":9}}]},"15":{"loc":{"start":{"line":114,"column":12},"end":{"line":114,"column":29}},"type":"binary-expr","locations":[{"start":{"line":114,"column":12},"end":{"line":114,"column":17}},{"start":{"line":114,"column":21},"end":{"line":114,"column":29}}]},"16":{"loc":{"start":{"line":123,"column":6},"end":{"line":131,"column":7}},"type":"if","locations":[{"start":{"line":123,"column":6},"end":{"line":131,"column":7}},{"start":{"line":128,"column":13},"end":{"line":131,"column":7}}]},"17":{"loc":{"start":{"line":126,"column":20},"end":{"line":126,"column":36}},"type":"binary-expr","locations":[{"start":{"line":126,"column":20},"end":{"line":126,"column":28}},{"start":{"line":126,"column":32},"end":{"line":126,"column":36}}]}},"s":{"0":1,"1":1,"2":1,"3":1,"4":2,"5":2,"6":2,"7":2,"8":0,"9":0,"10":0,"11":0,"12":0,"13":0,"14":0,"15":0,"16":0,"17":0,"18":0,"19":1,"20":1,"21":1,"22":1,"23":1,"24":0,"25":1,"26":1,"27":1,"28":0,"29":1,"30":1,"31":1,"32":1,"33":0,"34":0,"35":1,"36":3,"37":3,"38":3,"39":3,"40":0,"41":0,"42":0,"43":0,"44":0,"45":0,"46":0,"47":0,"48":0,"49":0,"50":0,"51":0,"52":0,"53":0,"54":0,"55":0,"56":0,"57":0,"58":0,"59":1,"60":1,"61":1},"f":{"0":1,"1":2,"2":1,"3":3,"4":1},"b":{"0":[0],"1":[2],"2":[0],"3":[0],"4":[0],"5":[0],"6":[0],"7":[0],"8":[3],"9":[3],"10":[0],"11":[0,0],"12":[0,0],"13":[0],"14":[0],"15":[0,0],"16":[0,0],"17":[0,0]}}
,"/workspace/api-pollinations/src/routes/feed.ts": {"path":"/workspace/api-pollinations/src/routes/feed.ts","statementMap":{"0":{"start":{"line":4,"column":0},"end":{"line":4,"column":16}},"1":{"start":{"line":1,"column":0},"end":{"line":1,"column":52}},"2":{"start":{"line":5,"column":17},"end":{"line":5,"column":25}},"3":{"start":{"line":8,"column":2},"end":{"line":65,"column":5}},"4":{"start":{"line":9,"column":4},"end":{"line":64,"column":5}},"5":{"start":{"line":11,"column":6},"end":{"line":11,"column":57}},"6":{"start":{"line":12,"column":6},"end":{"line":12,"column":49}},"7":{"start":{"line":13,"column":6},"end":{"line":13,"column":48}},"8":{"start":{"line":14,"column":6},"end":{"line":14,"column":56}},"9":{"start":{"line":15,"column":6},"end":{"line":15,"column":69}},"10":{"start":{"line":18,"column":6},"end":{"line":18,"column":75}},"11":{"start":{"line":22,"column":32},"end":{"line":37,"column":7}},"12":{"start":{"line":23,"column":31},"end":{"line":34,"column":10}},"13":{"start":{"line":36,"column":8},"end":{"line":36,"column":65}},"14":{"start":{"line":40,"column":23},"end":{"line":40,"column":60}},"15":{"start":{"line":43,"column":6},"end":{"line":43,"column":26}},"16":{"start":{"line":46,"column":6},"end":{"line":49,"column":9}},"17":{"start":{"line":47,"column":8},"end":{"line":47,"column":32}},"18":{"start":{"line":48,"column":8},"end":{"line":48,"column":18}},"19":{"start":{"line":52,"column":24},"end":{"line":54,"column":15}},"20":{"start":{"line":53,"column":8},"end":{"line":53,"column":37}},"21":{"start":{"line":56,"column":6},"end":{"line":58,"column":9}},"22":{"start":{"line":57,"column":8},"end":{"line":57,"column":33}},"23":{"start":{"line":61,"column":6},"end":{"line":61,"column":48}},"24":{"start":{"line":62,"column":6},"end":{"line":62,"column":72}},"25":{"start":{"line":63,"column":6},"end":{"line":63,"column":16}},"26":{"start":{"line":68,"column":2},"end":{"line":126,"column":5}},"27":{"start":{"line":69,"column":4},"end":{"line":125,"column":5}},"28":{"start":{"line":71,"column":6},"end":{"line":71,"column":57}},"29":{"start":{"line":72,"column":6},"end":{"line":72,"column":49}},"30":{"start":{"line":73,"column":6},"end":{"line":73,"column":48}},"31":{"start":{"line":74,"column":6},"end":{"line":74,"column":56}},"32":{"start":{"line":75,"column":6},"end":{"line":75,"column":69}},"33":{"start":{"line":78,"column":6},"end":{"line":78,"column":75}},"34":{"start":{"line":81,"column":31},"end":{"line":98,"column":7}},"35":{"start":{"line":82,"column":30},"end":{"line":95,"column":10}},"36":{"start":{"line":97,"column":8},"end":{"line":97,"column":64}},"37":{"start":{"line":101,"column":23},"end":{"line":101,"column":59}},"38":{"start":{"line":104,"column":6},"end":{"line":104,"column":25}},"39":{"start":{"line":107,"column":6},"end":{"line":110,"column":9}},"40":{"start":{"line":108,"column":8},"end":{"line":108,"column":32}},"41":{"start":{"line":109,"column":8},"end":{"line":109,"column":18}},"42":{"start":{"line":113,"column":24},"end":{"line":115,"column":15}},"43":{"start":{"line":114,"column":8},"end":{"line":114,"column":37}},"44":{"start":{"line":117,"column":6},"end":{"line":119,"column":9}},"45":{"start":{"line":118,"column":8},"end":{"line":118,"column":33}},"46":{"start":{"line":122,"column":6},"end":{"line":122,"column":47}},"47":{"start":{"line":123,"column":6},"end":{"line":123,"column":72}},"48":{"start":{"line":124,"column":6},"end":{"line":124,"column":16}},"49":{"start":{"line":129,"column":2},"end":{"line":207,"column":5}},"50":{"start":{"line":130,"column":4},"end":{"line":206,"column":5}},"51":{"start":{"line":132,"column":6},"end":{"line":132,"column":57}},"52":{"start":{"line":133,"column":6},"end":{"line":133,"column":49}},"53":{"start":{"line":134,"column":6},"end":{"line":134,"column":48}},"54":{"start":{"line":135,"column":6},"end":{"line":135,"column":56}},"55":{"start":{"line":136,"column":6},"end":{"line":136,"column":69}},"56":{"start":{"line":139,"column":6},"end":{"line":139,"column":75}},"57":{"start":{"line":142,"column":25},"end":{"line":142,"column":26}},"58":{"start":{"line":143,"column":35},"end":{"line":179,"column":7}},"59":{"start":{"line":144,"column":8},"end":{"line":144,"column":23}},"60":{"start":{"line":146,"column":8},"end":{"line":178,"column":9}},"61":{"start":{"line":148,"column":33},"end":{"line":159,"column":12}},"62":{"start":{"line":160,"column":10},"end":{"line":160,"column":67}},"63":{"start":{"line":163,"column":32},"end":{"line":176,"column":12}},"64":{"start":{"line":177,"column":10},"end":{"line":177,"column":66}},"65":{"start":{"line":182,"column":23},"end":{"line":182,"column":62}},"66":{"start":{"line":185,"column":6},"end":{"line":185,"column":29}},"67":{"start":{"line":188,"column":6},"end":{"line":191,"column":9}},"68":{"start":{"line":189,"column":8},"end":{"line":189,"column":32}},"69":{"start":{"line":190,"column":8},"end":{"line":190,"column":18}},"70":{"start":{"line":194,"column":24},"end":{"line":196,"column":15}},"71":{"start":{"line":195,"column":8},"end":{"line":195,"column":37}},"72":{"start":{"line":198,"column":6},"end":{"line":200,"column":9}},"73":{"start":{"line":199,"column":8},"end":{"line":199,"column":33}},"74":{"start":{"line":203,"column":6},"end":{"line":203,"column":51}},"75":{"start":{"line":204,"column":6},"end":{"line":204,"column":72}},"76":{"start":{"line":205,"column":6},"end":{"line":205,"column":16}},"77":{"start":{"line":210,"column":2},"end":{"line":239,"column":5}},"78":{"start":{"line":211,"column":4},"end":{"line":238,"column":5}},"79":{"start":{"line":212,"column":21},"end":{"line":232,"column":8}},"80":{"start":{"line":234,"column":6},"end":{"line":234,"column":30}},"81":{"start":{"line":236,"column":6},"end":{"line":236,"column":49}},"82":{"start":{"line":237,"column":6},"end":{"line":237,"column":70}},"83":{"start":{"line":241,"column":2},"end":{"line":241,"column":16}}},"fnMap":{"0":{"name":"feedRoutes","decl":{"start":{"line":4,"column":16},"end":{"line":4,"column":26}},"loc":{"start":{"line":4,"column":54},"end":{"line":242,"column":1}}},"1":{"name":"(anonymous_1)","decl":{"start":{"line":8,"column":23},"end":{"line":8,"column":28}},"loc":{"start":{"line":8,"column":61},"end":{"line":65,"column":3}}},"2":{"name":"(anonymous_2)","decl":{"start":{"line":22,"column":32},"end":{"line":22,"column":35}},"loc":{"start":{"line":22,"column":37},"end":{"line":37,"column":7}}},"3":{"name":"(anonymous_3)","decl":{"start":{"line":46,"column":22},"end":{"line":46,"column":25}},"loc":{"start":{"line":46,"column":27},"end":{"line":49,"column":7}}},"4":{"name":"(anonymous_4)","decl":{"start":{"line":52,"column":36},"end":{"line":52,"column":39}},"loc":{"start":{"line":52,"column":41},"end":{"line":54,"column":7}}},"5":{"name":"(anonymous_5)","decl":{"start":{"line":56,"column":22},"end":{"line":56,"column":25}},"loc":{"start":{"line":56,"column":27},"end":{"line":58,"column":7}}},"6":{"name":"(anonymous_6)","decl":{"start":{"line":68,"column":22},"end":{"line":68,"column":27}},"loc":{"start":{"line":68,"column":60},"end":{"line":126,"column":3}}},"7":{"name":"(anonymous_7)","decl":{"start":{"line":81,"column":31},"end":{"line":81,"column":34}},"loc":{"start":{"line":81,"column":36},"end":{"line":98,"column":7}}},"8":{"name":"(anonymous_8)","decl":{"start":{"line":107,"column":22},"end":{"line":107,"column":25}},"loc":{"start":{"line":107,"column":27},"end":{"line":110,"column":7}}},"9":{"name":"(anonymous_9)","decl":{"start":{"line":113,"column":36},"end":{"line":113,"column":39}},"loc":{"start":{"line":113,"column":41},"end":{"line":115,"column":7}}},"10":{"name":"(anonymous_10)","decl":{"start":{"line":117,"column":22},"end":{"line":117,"column":25}},"loc":{"start":{"line":117,"column":27},"end":{"line":119,"column":7}}},"11":{"name":"(anonymous_11)","decl":{"start":{"line":129,"column":26},"end":{"line":129,"column":31}},"loc":{"start":{"line":129,"column":64},"end":{"line":207,"column":3}}},"12":{"name":"(anonymous_12)","decl":{"start":{"line":143,"column":35},"end":{"line":143,"column":38}},"loc":{"start":{"line":143,"column":40},"end":{"line":179,"column":7}}},"13":{"name":"(anonymous_13)","decl":{"start":{"line":188,"column":22},"end":{"line":188,"column":25}},"loc":{"start":{"line":188,"column":27},"end":{"line":191,"column":7}}},"14":{"name":"(anonymous_14)","decl":{"start":{"line":194,"column":36},"end":{"line":194,"column":39}},"loc":{"start":{"line":194,"column":41},"end":{"line":196,"column":7}}},"15":{"name":"(anonymous_15)","decl":{"start":{"line":198,"column":22},"end":{"line":198,"column":25}},"loc":{"start":{"line":198,"column":27},"end":{"line":200,"column":7}}},"16":{"name":"(anonymous_16)","decl":{"start":{"line":210,"column":24},"end":{"line":210,"column":29}},"loc":{"start":{"line":210,"column":63},"end":{"line":239,"column":3}}}},"branchMap":{"0":{"loc":{"start":{"line":146,"column":8},"end":{"line":178,"column":9}},"type":"if","locations":[{"start":{"line":146,"column":8},"end":{"line":178,"column":9}},{"start":{"line":161,"column":15},"end":{"line":178,"column":9}}]}},"s":{"0":1,"1":1,"2":1,"3":1,"4":0,"5":0,"6":0,"7":0,"8":0,"9":0,"10":0,"11":0,"12":0,"13":0,"14":0,"15":0,"16":0,"17":0,"18":0,"19":0,"20":0,"21":0,"22":0,"23":0,"24":0,"25":0,"26":1,"27":0,"28":0,"29":0,"30":0,"31":0,"32":0,"33":0,"34":0,"35":0,"36":0,"37":0,"38":0,"39":0,"40":0,"41":0,"42":0,"43":0,"44":0,"45":0,"46":0,"47":0,"48":0,"49":1,"50":0,"51":0,"52":0,"53":0,"54":0,"55":0,"56":0,"57":0,"58":0,"59":0,"60":0,"61":0,"62":0,"63":0,"64":0,"65":0,"66":0,"67":0,"68":0,"69":0,"70":0,"71":0,"72":0,"73":0,"74":0,"75":0,"76":0,"77":1,"78":1,"79":1,"80":1,"81":0,"82":0,"83":1},"f":{"0":1,"1":0,"2":0,"3":0,"4":0,"5":0,"6":0,"7":0,"8":0,"9":0,"10":0,"11":0,"12":0,"13":0,"14":0,"15":0,"16":1},"b":{"0":[0,0]}}
,"/workspace/api-pollinations/src/routes/image.ts": {"path":"/workspace/api-pollinations/src/routes/image.ts","statementMap":{"0":{"start":{"line":4,"column":0},"end":{"line":4,"column":16}},"1":{"start":{"line":1,"column":0},"end":{"line":1,"column":52}},"2":{"start":{"line":5,"column":17},"end":{"line":5,"column":25}},"3":{"start":{"line":8,"column":2},"end":{"line":74,"column":5}},"4":{"start":{"line":9,"column":4},"end":{"line":73,"column":5}},"5":{"start":{"line":10,"column":68},"end":{"line":10,"column":76}},"6":{"start":{"line":12,"column":6},"end":{"line":14,"column":7}},"7":{"start":{"line":13,"column":8},"end":{"line":13,"column":69}},"8":{"start":{"line":16,"column":6},"end":{"line":18,"column":7}},"9":{"start":{"line":17,"column":8},"end":{"line":17,"column":72}},"10":{"start":{"line":21,"column":24},"end":{"line":21,"column":51}},"11":{"start":{"line":22,"column":6},"end":{"line":26,"column":7}},"12":{"start":{"line":23,"column":8},"end":{"line":25,"column":11}},"13":{"start":{"line":28,"column":38},"end":{"line":28,"column":47}},"14":{"start":{"line":29,"column":20},"end":{"line":29,"column":38}},"15":{"start":{"line":30,"column":21},"end":{"line":30,"column":40}},"16":{"start":{"line":33,"column":25},"end":{"line":33,"column":86}},"17":{"start":{"line":34,"column":6},"end":{"line":38,"column":7}},"18":{"start":{"line":35,"column":8},"end":{"line":37,"column":11}},"19":{"start":{"line":41,"column":39},"end":{"line":45,"column":8}},"20":{"start":{"line":48,"column":6},"end":{"line":50,"column":7}},"21":{"start":{"line":49,"column":8},"end":{"line":49,"column":43}},"22":{"start":{"line":53,"column":26},"end":{"line":53,"column":81}},"23":{"start":{"line":56,"column":26},"end":{"line":56,"column":56}},"24":{"start":{"line":57,"column":23},"end":{"line":57,"column":62}},"25":{"start":{"line":60,"column":6},"end":{"line":68,"column":9}},"26":{"start":{"line":71,"column":6},"end":{"line":71,"column":54}},"27":{"start":{"line":72,"column":6},"end":{"line":72,"column":70}},"28":{"start":{"line":77,"column":2},"end":{"line":123,"column":5}},"29":{"start":{"line":78,"column":4},"end":{"line":122,"column":5}},"30":{"start":{"line":79,"column":25},"end":{"line":79,"column":35}},"31":{"start":{"line":80,"column":66},"end":{"line":80,"column":75}},"32":{"start":{"line":82,"column":6},"end":{"line":84,"column":7}},"33":{"start":{"line":83,"column":8},"end":{"line":83,"column":69}},"34":{"start":{"line":87,"column":28},"end":{"line":87,"column":54}},"35":{"start":{"line":90,"column":23},"end":{"line":90,"column":48}},"36":{"start":{"line":91,"column":24},"end":{"line":91,"column":50}},"37":{"start":{"line":93,"column":6},"end":{"line":95,"column":7}},"38":{"start":{"line":94,"column":8},"end":{"line":94,"column":74}},"39":{"start":{"line":98,"column":26},"end":{"line":102,"column":8}},"40":{"start":{"line":105,"column":26},"end":{"line":105,"column":56}},"41":{"start":{"line":106,"column":23},"end":{"line":106,"column":62}},"42":{"start":{"line":109,"column":6},"end":{"line":117,"column":9}},"43":{"start":{"line":120,"column":6},"end":{"line":120,"column":54}},"44":{"start":{"line":121,"column":6},"end":{"line":121,"column":70}},"45":{"start":{"line":125,"column":2},"end":{"line":125,"column":16}}},"fnMap":{"0":{"name":"imageRoutes","decl":{"start":{"line":4,"column":16},"end":{"line":4,"column":27}},"loc":{"start":{"line":4,"column":54},"end":{"line":126,"column":1}}},"1":{"name":"(anonymous_1)","decl":{"start":{"line":8,"column":30},"end":{"line":8,"column":35}},"loc":{"start":{"line":8,"column":68},"end":{"line":74,"column":3}}},"2":{"name":"(anonymous_2)","decl":{"start":{"line":77,"column":37},"end":{"line":77,"column":42}},"loc":{"start":{"line":77,"column":75},"end":{"line":123,"column":3}}}},"branchMap":{"0":{"loc":{"start":{"line":10,"column":22},"end":{"line":10,"column":40}},"type":"default-arg","locations":[{"start":{"line":10,"column":29},"end":{"line":10,"column":40}}]},"1":{"loc":{"start":{"line":10,"column":58},"end":{"line":10,"column":63}},"type":"default-arg","locations":[{"start":{"line":10,"column":62},"end":{"line":10,"column":63}}]},"2":{"loc":{"start":{"line":12,"column":6},"end":{"line":14,"column":7}},"type":"if","locations":[{"start":{"line":12,"column":6},"end":{"line":14,"column":7}}]},"3":{"loc":{"start":{"line":16,"column":6},"end":{"line":18,"column":7}},"type":"if","locations":[{"start":{"line":16,"column":6},"end":{"line":18,"column":7}}]},"4":{"loc":{"start":{"line":22,"column":6},"end":{"line":26,"column":7}},"type":"if","locations":[{"start":{"line":22,"column":6},"end":{"line":26,"column":7}}]},"5":{"loc":{"start":{"line":34,"column":6},"end":{"line":38,"column":7}},"type":"if","locations":[{"start":{"line":34,"column":6},"end":{"line":38,"column":7}}]},"6":{"loc":{"start":{"line":44,"column":15},"end":{"line":44,"column":77}},"type":"cond-expr","locations":[{"start":{"line":44,"column":62},"end":{"line":44,"column":68}},{"start":{"line":44,"column":71},"end":{"line":44,"column":77}}]},"7":{"loc":{"start":{"line":44,"column":15},"end":{"line":44,"column":59}},"type":"binary-expr","locations":[{"start":{"line":44,"column":15},"end":{"line":44,"column":35}},{"start":{"line":44,"column":39},"end":{"line":44,"column":59}}]},"8":{"loc":{"start":{"line":48,"column":6},"end":{"line":50,"column":7}},"type":"if","locations":[{"start":{"line":48,"column":6},"end":{"line":50,"column":7}}]},"9":{"loc":{"start":{"line":80,"column":14},"end":{"line":80,"column":28}},"type":"default-arg","locations":[{"start":{"line":80,"column":22},"end":{"line":80,"column":28}}]},"10":{"loc":{"start":{"line":80,"column":30},"end":{"line":80,"column":45}},"type":"default-arg","locations":[{"start":{"line":80,"column":39},"end":{"line":80,"column":45}}]},"11":{"loc":{"start":{"line":80,"column":47},"end":{"line":80,"column":61}},"type":"default-arg","locations":[{"start":{"line":80,"column":55},"end":{"line":80,"column":61}}]},"12":{"loc":{"start":{"line":82,"column":6},"end":{"line":84,"column":7}},"type":"if","locations":[{"start":{"line":82,"column":6},"end":{"line":84,"column":7}}]},"13":{"loc":{"start":{"line":93,"column":6},"end":{"line":95,"column":7}},"type":"if","locations":[{"start":{"line":93,"column":6},"end":{"line":95,"column":7}}]},"14":{"loc":{"start":{"line":93,"column":10},"end":{"line":93,"column":45}},"type":"binary-expr","locations":[{"start":{"line":93,"column":10},"end":{"line":93,"column":25}},{"start":{"line":93,"column":29},"end":{"line":93,"column":45}}]}},"s":{"0":1,"1":1,"2":8,"3":8,"4":10,"5":10,"6":10,"7":1,"8":9,"9":0,"10":9,"11":9,"12":1,"13":8,"14":8,"15":8,"16":8,"17":8,"18":0,"19":8,"20":8,"21":1,"22":8,"23":7,"24":7,"25":7,"26":1,"27":1,"28":8,"29":2,"30":2,"31":2,"32":2,"33":0,"34":2,"35":2,"36":2,"37":2,"38":0,"39":2,"40":2,"41":2,"42":2,"43":0,"44":0,"45":8},"f":{"0":8,"1":10,"2":2},"b":{"0":[2],"1":[9],"2":[1],"3":[0],"4":[1],"5":[0],"6":[1,7],"7":[8,8],"8":[1],"9":[1],"10":[1],"11":[1],"12":[0],"13":[0],"14":[2,2]}}
,"/workspace/api-pollinations/src/routes/models.ts": {"path":"/workspace/api-pollinations/src/routes/models.ts","statementMap":{"0":{"start":{"line":4,"column":0},"end":{"line":4,"column":16}},"1":{"start":{"line":1,"column":0},"end":{"line":1,"column":52}},"2":{"start":{"line":5,"column":17},"end":{"line":5,"column":25}},"3":{"start":{"line":8,"column":2},"end":{"line":65,"column":5}},"4":{"start":{"line":9,"column":4},"end":{"line":64,"column":5}},"5":{"start":{"line":10,"column":23},"end":{"line":10,"column":32}},"6":{"start":{"line":12,"column":29},"end":{"line":12,"column":31}},"7":{"start":{"line":14,"column":6},"end":{"line":27,"column":7}},"8":{"start":{"line":16,"column":8},"end":{"line":16,"column":49}},"9":{"start":{"line":17,"column":13},"end":{"line":27,"column":7}},"10":{"start":{"line":19,"column":8},"end":{"line":19,"column":48}},"11":{"start":{"line":22,"column":42},"end":{"line":25,"column":10}},"12":{"start":{"line":26,"column":8},"end":{"line":26,"column":49}},"13":{"start":{"line":30,"column":18},"end":{"line":30,"column":47}},"14":{"start":{"line":31,"column":27},"end":{"line":54,"column":9}},"15":{"start":{"line":31,"column":50},"end":{"line":54,"column":8}},"16":{"start":{"line":56,"column":6},"end":{"line":59,"column":9}},"17":{"start":{"line":62,"column":6},"end":{"line":62,"column":49}},"18":{"start":{"line":63,"column":6},"end":{"line":63,"column":63}},"19":{"start":{"line":68,"column":2},"end":{"line":124,"column":5}},"20":{"start":{"line":69,"column":4},"end":{"line":123,"column":5}},"21":{"start":{"line":70,"column":21},"end":{"line":70,"column":31}},"22":{"start":{"line":72,"column":6},"end":{"line":74,"column":7}},"23":{"start":{"line":73,"column":8},"end":{"line":73,"column":71}},"24":{"start":{"line":77,"column":40},"end":{"line":80,"column":8}},"25":{"start":{"line":82,"column":24},"end":{"line":82,"column":55}},"26":{"start":{"line":84,"column":6},"end":{"line":89,"column":7}},"27":{"start":{"line":85,"column":8},"end":{"line":88,"column":11}},"28":{"start":{"line":92,"column":18},"end":{"line":92,"column":47}},"29":{"start":{"line":93,"column":24},"end":{"line":116,"column":8}},"30":{"start":{"line":118,"column":6},"end":{"line":118,"column":33}},"31":{"start":{"line":121,"column":6},"end":{"line":121,"column":48}},"32":{"start":{"line":122,"column":6},"end":{"line":122,"column":70}},"33":{"start":{"line":127,"column":2},"end":{"line":147,"column":5}},"34":{"start":{"line":128,"column":4},"end":{"line":146,"column":5}},"35":{"start":{"line":129,"column":21},"end":{"line":129,"column":52}},"36":{"start":{"line":130,"column":26},"end":{"line":136,"column":9}},"37":{"start":{"line":130,"column":49},"end":{"line":136,"column":8}},"38":{"start":{"line":138,"column":6},"end":{"line":142,"column":9}},"39":{"start":{"line":144,"column":6},"end":{"line":144,"column":59}},"40":{"start":{"line":145,"column":6},"end":{"line":145,"column":70}},"41":{"start":{"line":150,"column":2},"end":{"line":170,"column":5}},"42":{"start":{"line":151,"column":4},"end":{"line":169,"column":5}},"43":{"start":{"line":152,"column":21},"end":{"line":152,"column":51}},"44":{"start":{"line":153,"column":25},"end":{"line":159,"column":9}},"45":{"start":{"line":153,"column":48},"end":{"line":159,"column":8}},"46":{"start":{"line":161,"column":6},"end":{"line":165,"column":9}},"47":{"start":{"line":167,"column":6},"end":{"line":167,"column":58}},"48":{"start":{"line":168,"column":6},"end":{"line":168,"column":70}},"49":{"start":{"line":173,"column":2},"end":{"line":195,"column":5}},"50":{"start":{"line":174,"column":4},"end":{"line":194,"column":5}},"51":{"start":{"line":176,"column":21},"end":{"line":176,"column":74}},"52":{"start":{"line":177,"column":26},"end":{"line":184,"column":9}},"53":{"start":{"line":177,"column":47},"end":{"line":184,"column":8}},"54":{"start":{"line":186,"column":6},"end":{"line":190,"column":9}},"55":{"start":{"line":192,"column":6},"end":{"line":192,"column":59}},"56":{"start":{"line":193,"column":6},"end":{"line":193,"column":70}},"57":{"start":{"line":197,"column":2},"end":{"line":197,"column":16}}},"fnMap":{"0":{"name":"modelsRoutes","decl":{"start":{"line":4,"column":16},"end":{"line":4,"column":28}},"loc":{"start":{"line":4,"column":55},"end":{"line":198,"column":1}}},"1":{"name":"(anonymous_1)","decl":{"start":{"line":8,"column":18},"end":{"line":8,"column":23}},"loc":{"start":{"line":8,"column":56},"end":{"line":65,"column":3}}},"2":{"name":"(anonymous_2)","decl":{"start":{"line":31,"column":38},"end":{"line":31,"column":45}},"loc":{"start":{"line":31,"column":50},"end":{"line":54,"column":8}}},"3":{"name":"(anonymous_3)","decl":{"start":{"line":68,"column":21},"end":{"line":68,"column":26}},"loc":{"start":{"line":68,"column":59},"end":{"line":124,"column":3}}},"4":{"name":"(anonymous_4)","decl":{"start":{"line":127,"column":23},"end":{"line":127,"column":28}},"loc":{"start":{"line":127,"column":62},"end":{"line":147,"column":3}}},"5":{"name":"(anonymous_5)","decl":{"start":{"line":130,"column":37},"end":{"line":130,"column":44}},"loc":{"start":{"line":130,"column":49},"end":{"line":136,"column":8}}},"6":{"name":"(anonymous_6)","decl":{"start":{"line":150,"column":22},"end":{"line":150,"column":27}},"loc":{"start":{"line":150,"column":61},"end":{"line":170,"column":3}}},"7":{"name":"(anonymous_7)","decl":{"start":{"line":153,"column":36},"end":{"line":153,"column":43}},"loc":{"start":{"line":153,"column":48},"end":{"line":159,"column":8}}},"8":{"name":"(anonymous_8)","decl":{"start":{"line":173,"column":23},"end":{"line":173,"column":28}},"loc":{"start":{"line":173,"column":62},"end":{"line":195,"column":3}}},"9":{"name":"(anonymous_9)","decl":{"start":{"line":177,"column":37},"end":{"line":177,"column":42}},"loc":{"start":{"line":177,"column":47},"end":{"line":184,"column":8}}}},"branchMap":{"0":{"loc":{"start":{"line":14,"column":6},"end":{"line":27,"column":7}},"type":"if","locations":[{"start":{"line":14,"column":6},"end":{"line":27,"column":7}},{"start":{"line":17,"column":13},"end":{"line":27,"column":7}}]},"1":{"loc":{"start":{"line":17,"column":13},"end":{"line":27,"column":7}},"type":"if","locations":[{"start":{"line":17,"column":13},"end":{"line":27,"column":7}},{"start":{"line":20,"column":13},"end":{"line":27,"column":7}}]},"2":{"loc":{"start":{"line":72,"column":6},"end":{"line":74,"column":7}},"type":"if","locations":[{"start":{"line":72,"column":6},"end":{"line":74,"column":7}}]},"3":{"loc":{"start":{"line":84,"column":6},"end":{"line":89,"column":7}},"type":"if","locations":[{"start":{"line":84,"column":6},"end":{"line":89,"column":7}}]}},"s":{"0":1,"1":1,"2":1,"3":1,"4":2,"5":2,"6":2,"7":2,"8":0,"9":2,"10":0,"11":2,"12":1,"13":1,"14":1,"15":4,"16":1,"17":1,"18":1,"19":1,"20":3,"21":3,"22":3,"23":0,"24":3,"25":2,"26":2,"27":1,"28":1,"29":1,"30":1,"31":1,"32":1,"33":1,"34":0,"35":0,"36":0,"37":0,"38":0,"39":0,"40":0,"41":1,"42":0,"43":0,"44":0,"45":0,"46":0,"47":0,"48":0,"49":1,"50":0,"51":0,"52":0,"53":0,"54":0,"55":0,"56":0,"57":1},"f":{"0":1,"1":2,"2":4,"3":3,"4":0,"5":0,"6":0,"7":0,"8":0,"9":0},"b":{"0":[0,2],"1":[0,2],"2":[0],"3":[1]}}
,"/workspace/api-pollinations/src/routes/text.ts": {"path":"/workspace/api-pollinations/src/routes/text.ts","statementMap":{"0":{"start":{"line":4,"column":0},"end":{"line":4,"column":16}},"1":{"start":{"line":1,"column":0},"end":{"line":1,"column":52}},"2":{"start":{"line":5,"column":17},"end":{"line":5,"column":25}},"3":{"start":{"line":8,"column":2},"end":{"line":63,"column":5}},"4":{"start":{"line":9,"column":4},"end":{"line":62,"column":5}},"5":{"start":{"line":10,"column":66},"end":{"line":10,"column":74}},"6":{"start":{"line":12,"column":6},"end":{"line":14,"column":7}},"7":{"start":{"line":13,"column":8},"end":{"line":13,"column":72}},"8":{"start":{"line":16,"column":6},"end":{"line":18,"column":7}},"9":{"start":{"line":17,"column":8},"end":{"line":17,"column":68}},"10":{"start":{"line":21,"column":32},"end":{"line":21,"column":67}},"11":{"start":{"line":24,"column":34},"end":{"line":29,"column":8}},"12":{"start":{"line":31,"column":6},"end":{"line":57,"column":7}},"13":{"start":{"line":33,"column":8},"end":{"line":33,"column":59}},"14":{"start":{"line":34,"column":8},"end":{"line":34,"column":51}},"15":{"start":{"line":35,"column":8},"end":{"line":35,"column":50}},"16":{"start":{"line":37,"column":8},"end":{"line":52,"column":9}},"17":{"start":{"line":41,"column":27},"end":{"line":41,"column":81}},"18":{"start":{"line":44,"column":10},"end":{"line":44,"column":61}},"19":{"start":{"line":45,"column":10},"end":{"line":45,"column":40}},"20":{"start":{"line":46,"column":10},"end":{"line":46,"column":20}},"21":{"start":{"line":47,"column":10},"end":{"line":47,"column":17}},"22":{"start":{"line":49,"column":10},"end":{"line":49,"column":77}},"23":{"start":{"line":50,"column":10},"end":{"line":50,"column":20}},"24":{"start":{"line":51,"column":10},"end":{"line":51,"column":17}},"25":{"start":{"line":55,"column":25},"end":{"line":55,"column":79}},"26":{"start":{"line":56,"column":8},"end":{"line":56,"column":34}},"27":{"start":{"line":60,"column":6},"end":{"line":60,"column":53}},"28":{"start":{"line":61,"column":6},"end":{"line":61,"column":70}},"29":{"start":{"line":66,"column":2},"end":{"line":125,"column":5}},"30":{"start":{"line":67,"column":4},"end":{"line":124,"column":5}},"31":{"start":{"line":68,"column":25},"end":{"line":68,"column":35}},"32":{"start":{"line":77,"column":10},"end":{"line":77,"column":19}},"33":{"start":{"line":79,"column":6},"end":{"line":81,"column":7}},"34":{"start":{"line":80,"column":8},"end":{"line":80,"column":69}},"35":{"start":{"line":84,"column":28},"end":{"line":84,"column":54}},"36":{"start":{"line":87,"column":27},"end":{"line":90,"column":8}},"37":{"start":{"line":92,"column":6},"end":{"line":92,"column":79}},"38":{"start":{"line":92,"column":23},"end":{"line":92,"column":79}},"39":{"start":{"line":93,"column":6},"end":{"line":93,"column":61}},"40":{"start":{"line":93,"column":17},"end":{"line":93,"column":61}},"41":{"start":{"line":94,"column":6},"end":{"line":94,"column":56}},"42":{"start":{"line":94,"column":16},"end":{"line":94,"column":56}},"43":{"start":{"line":95,"column":6},"end":{"line":95,"column":72}},"44":{"start":{"line":95,"column":18},"end":{"line":95,"column":72}},"45":{"start":{"line":96,"column":6},"end":{"line":96,"column":55}},"46":{"start":{"line":96,"column":35},"end":{"line":96,"column":55}},"47":{"start":{"line":99,"column":23},"end":{"line":99,"column":72}},"48":{"start":{"line":101,"column":6},"end":{"line":119,"column":7}},"49":{"start":{"line":103,"column":8},"end":{"line":103,"column":59}},"50":{"start":{"line":104,"column":8},"end":{"line":104,"column":51}},"51":{"start":{"line":105,"column":8},"end":{"line":105,"column":50}},"52":{"start":{"line":107,"column":8},"end":{"line":107,"column":43}},"53":{"start":{"line":108,"column":8},"end":{"line":108,"column":38}},"54":{"start":{"line":109,"column":8},"end":{"line":109,"column":18}},"55":{"start":{"line":110,"column":8},"end":{"line":110,"column":15}},"56":{"start":{"line":113,"column":8},"end":{"line":118,"column":9}},"57":{"start":{"line":114,"column":10},"end":{"line":114,"column":70}},"58":{"start":{"line":116,"column":10},"end":{"line":116,"column":54}},"59":{"start":{"line":117,"column":10},"end":{"line":117,"column":36}},"60":{"start":{"line":122,"column":6},"end":{"line":122,"column":53}},"61":{"start":{"line":123,"column":6},"end":{"line":123,"column":70}},"62":{"start":{"line":127,"column":2},"end":{"line":127,"column":16}},"63":{"start":{"line":131,"column":43},"end":{"line":141,"column":4}},"64":{"start":{"line":143,"column":2},"end":{"line":143,"column":43}}},"fnMap":{"0":{"name":"textRoutes","decl":{"start":{"line":4,"column":16},"end":{"line":4,"column":26}},"loc":{"start":{"line":4,"column":53},"end":{"line":128,"column":1}}},"1":{"name":"(anonymous_1)","decl":{"start":{"line":8,"column":35},"end":{"line":8,"column":40}},"loc":{"start":{"line":8,"column":73},"end":{"line":63,"column":3}}},"2":{"name":"(anonymous_2)","decl":{"start":{"line":66,"column":25},"end":{"line":66,"column":30}},"loc":{"start":{"line":66,"column":63},"end":{"line":125,"column":3}}},"3":{"name":"mapOpenAIModelToPollinations","decl":{"start":{"line":130,"column":9},"end":{"line":130,"column":37}},"loc":{"start":{"line":130,"column":57},"end":{"line":144,"column":1}}}},"branchMap":{"0":{"loc":{"start":{"line":10,"column":31},"end":{"line":10,"column":45}},"type":"default-arg","locations":[{"start":{"line":10,"column":40},"end":{"line":10,"column":45}}]},"1":{"loc":{"start":{"line":12,"column":6},"end":{"line":14,"column":7}},"type":"if","locations":[{"start":{"line":12,"column":6},"end":{"line":14,"column":7}}]},"2":{"loc":{"start":{"line":12,"column":10},"end":{"line":12,"column":72}},"type":"binary-expr","locations":[{"start":{"line":12,"column":10},"end":{"line":12,"column":19}},{"start":{"line":12,"column":23},"end":{"line":12,"column":47}},{"start":{"line":12,"column":51},"end":{"line":12,"column":72}}]},"3":{"loc":{"start":{"line":16,"column":6},"end":{"line":18,"column":7}},"type":"if","locations":[{"start":{"line":16,"column":6},"end":{"line":18,"column":7}}]},"4":{"loc":{"start":{"line":31,"column":6},"end":{"line":57,"column":7}},"type":"if","locations":[{"start":{"line":31,"column":6},"end":{"line":57,"column":7}},{"start":{"line":53,"column":13},"end":{"line":57,"column":7}}]},"5":{"loc":{"start":{"line":70,"column":8},"end":{"line":70,"column":24}},"type":"default-arg","locations":[{"start":{"line":70,"column":16},"end":{"line":70,"column":24}}]},"6":{"loc":{"start":{"line":71,"column":8},"end":{"line":71,"column":22}},"type":"default-arg","locations":[{"start":{"line":71,"column":17},"end":{"line":71,"column":22}}]},"7":{"loc":{"start":{"line":76,"column":14},"end":{"line":76,"column":34}},"type":"default-arg","locations":[{"start":{"line":76,"column":29},"end":{"line":76,"column":34}}]},"8":{"loc":{"start":{"line":79,"column":6},"end":{"line":81,"column":7}},"type":"if","locations":[{"start":{"line":79,"column":6},"end":{"line":81,"column":7}}]},"9":{"loc":{"start":{"line":92,"column":6},"end":{"line":92,"column":79}},"type":"if","locations":[{"start":{"line":92,"column":6},"end":{"line":92,"column":79}}]},"10":{"loc":{"start":{"line":93,"column":6},"end":{"line":93,"column":61}},"type":"if","locations":[{"start":{"line":93,"column":6},"end":{"line":93,"column":61}}]},"11":{"loc":{"start":{"line":94,"column":6},"end":{"line":94,"column":56}},"type":"if","locations":[{"start":{"line":94,"column":6},"end":{"line":94,"column":56}}]},"12":{"loc":{"start":{"line":95,"column":6},"end":{"line":95,"column":72}},"type":"if","locations":[{"start":{"line":95,"column":6},"end":{"line":95,"column":72}}]},"13":{"loc":{"start":{"line":96,"column":6},"end":{"line":96,"column":55}},"type":"if","locations":[{"start":{"line":96,"column":6},"end":{"line":96,"column":55}}]},"14":{"loc":{"start":{"line":101,"column":6},"end":{"line":119,"column":7}},"type":"if","locations":[{"start":{"line":101,"column":6},"end":{"line":119,"column":7}},{"start":{"line":111,"column":13},"end":{"line":119,"column":7}}]},"15":{"loc":{"start":{"line":113,"column":8},"end":{"line":118,"column":9}},"type":"if","locations":[{"start":{"line":113,"column":8},"end":{"line":118,"column":9}},{"start":{"line":115,"column":15},"end":{"line":118,"column":9}}]},"16":{"loc":{"start":{"line":143,"column":9},"end":{"line":143,"column":42}},"type":"binary-expr","locations":[{"start":{"line":143,"column":9},"end":{"line":143,"column":30}},{"start":{"line":143,"column":34},"end":{"line":143,"column":42}}]}},"s":{"0":1,"1":1,"2":1,"3":1,"4":4,"5":4,"6":4,"7":1,"8":3,"9":0,"10":3,"11":3,"12":3,"13":1,"14":1,"15":1,"16":1,"17":1,"18":1,"19":1,"20":1,"21":1,"22":0,"23":0,"24":0,"25":2,"26":1,"27":1,"28":1,"29":1,"30":3,"31":3,"32":3,"33":3,"34":0,"35":3,"36":3,"37":3,"38":2,"39":3,"40":0,"41":3,"42":0,"43":3,"44":0,"45":3,"46":1,"47":3,"48":2,"49":0,"50":0,"51":0,"52":0,"53":0,"54":0,"55":0,"56":2,"57":1,"58":1,"59":1,"60":1,"61":1,"62":1,"63":3,"64":3},"f":{"0":1,"1":4,"2":3,"3":3},"b":{"0":[2],"1":[1],"2":[4,3,3],"3":[0],"4":[1,2],"5":[1],"6":[3],"7":[2],"8":[0],"9":[2],"10":[0],"11":[0],"12":[0],"13":[1],"14":[0,2],"15":[1,1],"16":[3,3]}}
}
