TN:
SF:src/lib/pollinationsClient.ts
FN:75,(anonymous_1)
FN:91,(anonymous_2)
FN:106,(anonymous_3)
FN:114,(anonymous_4)
FN:128,(anonymous_5)
FN:131,(anonymous_6)
FN:144,(anonymous_7)
FN:147,(anonymous_8)
FN:165,(anonymous_9)
FN:168,(anonymous_10)
FN:198,(anonymous_11)
FN:202,(anonymous_12)
FN:214,(anonymous_13)
FN:217,(anonymous_14)
FN:228,(anonymous_15)
FN:231,(anonymous_16)
FNF:16
FNH:16
FNDA:17,(anonymous_1)
FNDA:15,(anonymous_2)
FNDA:5,(anonymous_3)
FNDA:3,(anonymous_4)
FNDA:8,(anonymous_5)
FNDA:2,(anonymous_6)
FNDA:2,(anonymous_7)
FNDA:1,(anonymous_8)
FNDA:1,(anonymous_9)
FNDA:1,(anonymous_10)
FNDA:1,(anonymous_11)
FNDA:2,(anonymous_12)
FNDA:2,(anonymous_13)
FNDA:1,(anonymous_14)
FNDA:1,(anonymous_15)
FNDA:2,(anonymous_16)
DA:1,3
DA:67,3
DA:79,17
DA:80,17
DA:81,17
DA:82,17
DA:83,17
DA:84,17
DA:86,17
DA:87,1
DA:95,15
DA:96,15
DA:97,9
DA:99,6
DA:100,1
DA:104,5
DA:105,5
DA:106,5
DA:107,5
DA:110,0
DA:115,3
DA:116,3
DA:118,3
DA:128,8
DA:132,2
DA:133,2
DA:135,2
DA:144,2
DA:148,1
DA:149,1
DA:151,1
DA:165,1
DA:169,1
DA:171,1
DA:190,1
DA:198,1
DA:199,1
DA:203,2
DA:204,2
DA:206,2
DA:214,2
DA:218,1
DA:220,1
DA:228,1
DA:232,2
DA:233,2
DA:238,1
DA:244,1
LF:48
LH:47
BRDA:79,0,0,17
BRDA:79,0,1,16
BRDA:79,0,2,16
BRDA:80,1,0,17
BRDA:80,1,1,16
BRDA:80,1,2,16
BRDA:81,2,0,17
BRDA:81,2,1,1
BRDA:82,3,0,17
BRDA:82,3,1,17
BRDA:83,4,0,17
BRDA:83,4,1,17
BRDA:84,5,0,17
BRDA:84,5,1,17
BRDA:86,6,0,1
BRDA:93,7,0,10
BRDA:99,8,0,1
BRDA:104,9,0,5
BRDA:114,10,0,2
BRDA:125,11,0,3
BRDA:125,11,1,3
BRDA:131,12,0,0
BRDA:139,13,0,1
BRDA:139,13,1,1
BRDA:141,14,0,2
BRDA:141,14,1,2
BRDA:147,15,0,0
BRDA:154,16,0,1
BRDA:154,16,1,0
BRDA:162,17,0,1
BRDA:162,17,1,1
BRDA:195,18,0,1
BRDA:195,18,1,1
BRDA:199,19,0,1
BRDA:199,19,1,0
BRDA:203,20,0,1
BRDA:203,20,1,1
BRDA:211,21,0,2
BRDA:211,21,1,2
BRDA:225,22,0,1
BRDA:225,22,1,1
BRF:41
BRH:37
end_of_record
TN:
SF:src/lib/adapters/openaiAdapter.ts
FN:57,(anonymous_0)
FN:120,(anonymous_1)
FN:155,(anonymous_2)
FN:187,(anonymous_3)
FN:202,(anonymous_4)
FN:223,(anonymous_5)
FN:234,(anonymous_6)
FN:61,(anonymous_7)
FN:96,(anonymous_8)
FN:114,(anonymous_9)
FNF:10
FNH:10
FNDA:13,(anonymous_0)
FNDA:12,(anonymous_1)
FNDA:6,(anonymous_2)
FNDA:7,(anonymous_3)
FNDA:1,(anonymous_4)
FNDA:1,(anonymous_5)
FNDA:5,(anonymous_6)
FNDA:24,(anonymous_7)
FNDA:11,(anonymous_8)
FNDA:10,(anonymous_9)
DA:54,1
DA:58,13
DA:62,24
DA:64,11
DA:68,11
DA:71,13
DA:73,6
DA:81,6
DA:84,7
DA:86,7
DA:90,7
DA:93,0
DA:97,11
DA:98,11
DA:99,0
DA:102,11
DA:103,11
DA:104,11
DA:105,11
DA:107,11
DA:108,0
DA:111,11
DA:115,10
DA:116,10
DA:119,13
DA:121,12
DA:122,1
DA:125,11
DA:126,11
DA:128,11
DA:135,11
DA:136,1
DA:139,11
DA:141,10
DA:153,13
DA:156,6
DA:157,0
DA:160,6
DA:166,6
DA:167,6
DA:168,6
DA:169,6
DA:170,6
DA:171,6
DA:172,6
DA:173,6
DA:174,6
DA:175,6
DA:176,6
DA:177,6
DA:178,6
DA:180,6
DA:185,13
DA:188,7
DA:189,0
DA:192,7
DA:197,7
DA:203,1
DA:204,0
DA:208,1
DA:211,1
DA:212,1
DA:214,1
DA:217,1
DA:222,13
DA:224,1
DA:229,1
DA:230,1
DA:232,1
DA:234,5
LF:70
LH:64
BRDA:121,0,0,1
BRDA:125,1,0,11
BRDA:125,1,1,4
BRDA:131,2,0,11
BRDA:131,2,1,7
BRDA:135,3,0,1
BRDA:156,4,0,0
BRDA:156,5,0,6
BRDA:156,5,1,6
BRDA:166,6,0,1
BRDA:167,7,0,0
BRDA:168,8,0,0
BRDA:169,9,0,1
BRDA:170,10,0,1
BRDA:171,11,0,0
BRDA:172,12,0,0
BRDA:173,13,0,0
BRDA:174,14,0,0
BRDA:175,15,0,0
BRDA:176,16,0,0
BRDA:177,17,0,0
BRDA:178,18,0,0
BRDA:188,19,0,0
BRDA:203,20,0,0
BRDA:212,21,0,1
BRDA:62,22,0,11
BRDA:68,23,0,11
BRDA:68,23,1,1
BRDA:71,24,0,6
BRDA:81,25,0,6
BRDA:81,25,1,1
BRDA:84,26,0,7
BRDA:90,27,0,7
BRDA:90,27,1,0
BRDA:98,28,0,0
BRDA:107,29,0,0
BRDA:107,30,0,11
BRDA:107,30,1,11
BRDA:114,31,0,10
BRF:39
BRH:23
end_of_record
TN:
SF:src/routes/audio.ts
FN:4,audioRoutes
FN:8,(anonymous_1)
FN:48,(anonymous_2)
FN:88,(anonymous_3)
FN:140,(anonymous_4)
FNF:5
FNH:5
FNDA:1,audioRoutes
FNDA:3,(anonymous_1)
FNDA:2,(anonymous_2)
FNDA:4,(anonymous_3)
FNDA:1,(anonymous_4)
DA:1,1
DA:4,1
DA:5,1
DA:8,1
DA:9,3
DA:10,3
DA:12,3
DA:13,3
DA:16,0
DA:17,0
DA:21,0
DA:22,0
DA:23,0
DA:29,0
DA:35,0
DA:36,0
DA:39,0
DA:42,0
DA:43,0
DA:48,1
DA:49,2
DA:50,2
DA:51,2
DA:53,2
DA:54,0
DA:58,2
DA:61,2
DA:62,2
DA:63,0
DA:69,2
DA:75,1
DA:76,1
DA:79,1
DA:82,1
DA:83,1
DA:88,1
DA:89,4
DA:90,4
DA:92,4
DA:93,4
DA:96,0
DA:97,0
DA:102,0
DA:103,0
DA:104,0
DA:105,0
DA:107,0
DA:111,0
DA:112,0
DA:113,0
DA:114,0
DA:115,0
DA:120,0
DA:123,0
DA:124,0
DA:129,0
DA:130,0
DA:134,0
DA:135,0
DA:140,1
DA:143,1
DA:149,1
LF:62
LH:30
BRDA:10,0,0,0
BRDA:12,1,0,3
BRDA:16,2,0,0
BRDA:22,3,0,0
BRDA:51,4,0,1
BRDA:51,5,0,1
BRDA:53,6,0,0
BRDA:62,7,0,0
BRDA:90,8,0,4
BRDA:92,9,0,4
BRDA:96,10,0,0
BRDA:102,11,0,0
BRDA:102,11,1,0
BRDA:104,12,0,0
BRDA:104,12,1,0
BRDA:112,13,0,0
BRDA:114,14,0,0
BRDA:114,15,0,0
BRDA:114,15,1,0
BRDA:123,16,0,0
BRDA:123,16,1,0
BRDA:126,17,0,0
BRDA:126,17,1,0
BRF:23
BRH:5
end_of_record
TN:
SF:src/routes/feed.ts
FN:4,feedRoutes
FN:8,(anonymous_1)
FN:22,(anonymous_2)
FN:46,(anonymous_3)
FN:52,(anonymous_4)
FN:56,(anonymous_5)
FN:68,(anonymous_6)
FN:81,(anonymous_7)
FN:107,(anonymous_8)
FN:113,(anonymous_9)
FN:117,(anonymous_10)
FN:129,(anonymous_11)
FN:143,(anonymous_12)
FN:188,(anonymous_13)
FN:194,(anonymous_14)
FN:198,(anonymous_15)
FN:210,(anonymous_16)
FNF:17
FNH:2
FNDA:1,feedRoutes
FNDA:0,(anonymous_1)
FNDA:0,(anonymous_2)
FNDA:0,(anonymous_3)
FNDA:0,(anonymous_4)
FNDA:0,(anonymous_5)
FNDA:0,(anonymous_6)
FNDA:0,(anonymous_7)
FNDA:0,(anonymous_8)
FNDA:0,(anonymous_9)
FNDA:0,(anonymous_10)
FNDA:0,(anonymous_11)
FNDA:0,(anonymous_12)
FNDA:0,(anonymous_13)
FNDA:0,(anonymous_14)
FNDA:0,(anonymous_15)
FNDA:1,(anonymous_16)
DA:1,1
DA:4,1
DA:5,1
DA:8,1
DA:9,0
DA:11,0
DA:12,0
DA:13,0
DA:14,0
DA:15,0
DA:18,0
DA:22,0
DA:23,0
DA:36,0
DA:40,0
DA:43,0
DA:46,0
DA:47,0
DA:48,0
DA:52,0
DA:53,0
DA:56,0
DA:57,0
DA:61,0
DA:62,0
DA:63,0
DA:68,1
DA:69,0
DA:71,0
DA:72,0
DA:73,0
DA:74,0
DA:75,0
DA:78,0
DA:81,0
DA:82,0
DA:97,0
DA:101,0
DA:104,0
DA:107,0
DA:108,0
DA:109,0
DA:113,0
DA:114,0
DA:117,0
DA:118,0
DA:122,0
DA:123,0
DA:124,0
DA:129,1
DA:130,0
DA:132,0
DA:133,0
DA:134,0
DA:135,0
DA:136,0
DA:139,0
DA:142,0
DA:143,0
DA:144,0
DA:146,0
DA:148,0
DA:160,0
DA:163,0
DA:177,0
DA:182,0
DA:185,0
DA:188,0
DA:189,0
DA:190,0
DA:194,0
DA:195,0
DA:198,0
DA:199,0
DA:203,0
DA:204,0
DA:205,0
DA:210,1
DA:211,1
DA:212,1
DA:234,1
DA:236,0
DA:237,0
DA:241,1
LF:84
LH:11
BRDA:146,0,0,0
BRDA:146,0,1,0
BRF:2
BRH:0
end_of_record
TN:
SF:src/routes/image.ts
FN:4,imageRoutes
FN:8,(anonymous_1)
FN:77,(anonymous_2)
FNF:3
FNH:3
FNDA:8,imageRoutes
FNDA:10,(anonymous_1)
FNDA:2,(anonymous_2)
DA:1,1
DA:4,1
DA:5,8
DA:8,8
DA:9,10
DA:10,10
DA:12,10
DA:13,1
DA:16,9
DA:17,0
DA:21,9
DA:22,9
DA:23,1
DA:28,8
DA:29,8
DA:30,8
DA:33,8
DA:34,8
DA:35,0
DA:41,8
DA:48,8
DA:49,1
DA:53,8
DA:56,7
DA:57,7
DA:60,7
DA:71,1
DA:72,1
DA:77,8
DA:78,2
DA:79,2
DA:80,2
DA:82,2
DA:83,0
DA:87,2
DA:90,2
DA:91,2
DA:93,2
DA:94,0
DA:98,2
DA:105,2
DA:106,2
DA:109,2
DA:120,0
DA:121,0
DA:125,8
LF:46
LH:40
BRDA:10,0,0,2
BRDA:10,1,0,9
BRDA:12,2,0,1
BRDA:16,3,0,0
BRDA:22,4,0,1
BRDA:34,5,0,0
BRDA:44,6,0,1
BRDA:44,6,1,7
BRDA:44,7,0,8
BRDA:44,7,1,8
BRDA:48,8,0,1
BRDA:80,9,0,1
BRDA:80,10,0,1
BRDA:80,11,0,1
BRDA:82,12,0,0
BRDA:93,13,0,0
BRDA:93,14,0,2
BRDA:93,14,1,2
BRF:18
BRH:14
end_of_record
TN:
SF:src/routes/models.ts
FN:4,modelsRoutes
FN:8,(anonymous_1)
FN:31,(anonymous_2)
FN:68,(anonymous_3)
FN:127,(anonymous_4)
FN:130,(anonymous_5)
FN:150,(anonymous_6)
FN:153,(anonymous_7)
FN:173,(anonymous_8)
FN:177,(anonymous_9)
FNF:10
FNH:4
FNDA:1,modelsRoutes
FNDA:2,(anonymous_1)
FNDA:4,(anonymous_2)
FNDA:3,(anonymous_3)
FNDA:0,(anonymous_4)
FNDA:0,(anonymous_5)
FNDA:0,(anonymous_6)
FNDA:0,(anonymous_7)
FNDA:0,(anonymous_8)
FNDA:0,(anonymous_9)
DA:1,1
DA:4,1
DA:5,1
DA:8,1
DA:9,2
DA:10,2
DA:12,2
DA:14,2
DA:16,0
DA:17,2
DA:19,0
DA:22,2
DA:26,1
DA:30,1
DA:31,4
DA:56,1
DA:62,1
DA:63,1
DA:68,1
DA:69,3
DA:70,3
DA:72,3
DA:73,0
DA:77,3
DA:82,2
DA:84,2
DA:85,1
DA:92,1
DA:93,1
DA:118,1
DA:121,1
DA:122,1
DA:127,1
DA:128,0
DA:129,0
DA:130,0
DA:138,0
DA:144,0
DA:145,0
DA:150,1
DA:151,0
DA:152,0
DA:153,0
DA:161,0
DA:167,0
DA:168,0
DA:173,1
DA:174,0
DA:176,0
DA:177,0
DA:186,0
DA:192,0
DA:193,0
DA:197,1
LF:54
LH:33
BRDA:14,0,0,0
BRDA:14,0,1,2
BRDA:17,1,0,0
BRDA:17,1,1,2
BRDA:72,2,0,0
BRDA:84,3,0,1
BRF:6
BRH:3
end_of_record
TN:
SF:src/routes/text.ts
FN:4,textRoutes
FN:8,(anonymous_1)
FN:66,(anonymous_2)
FN:130,mapOpenAIModelToPollinations
FNF:4
FNH:4
FNDA:1,textRoutes
FNDA:4,(anonymous_1)
FNDA:3,(anonymous_2)
FNDA:3,mapOpenAIModelToPollinations
DA:1,1
DA:4,1
DA:5,1
DA:8,1
DA:9,4
DA:10,4
DA:12,4
DA:13,1
DA:16,3
DA:17,0
DA:21,3
DA:24,3
DA:31,3
DA:33,1
DA:34,1
DA:35,1
DA:37,1
DA:41,1
DA:44,1
DA:45,1
DA:46,1
DA:47,1
DA:49,0
DA:50,0
DA:51,0
DA:55,2
DA:56,1
DA:60,1
DA:61,1
DA:66,1
DA:67,3
DA:68,3
DA:77,3
DA:79,3
DA:80,0
DA:84,3
DA:87,3
DA:92,3
DA:93,3
DA:94,3
DA:95,3
DA:96,3
DA:99,3
DA:101,2
DA:103,0
DA:104,0
DA:105,0
DA:107,0
DA:108,0
DA:109,0
DA:110,0
DA:113,2
DA:114,1
DA:116,1
DA:117,1
DA:122,1
DA:123,1
DA:127,1
DA:131,3
DA:143,3
LF:60
LH:48
BRDA:10,0,0,2
BRDA:12,1,0,1
BRDA:12,2,0,4
BRDA:12,2,1,3
BRDA:12,2,2,3
BRDA:16,3,0,0
BRDA:31,4,0,1
BRDA:31,4,1,2
BRDA:70,5,0,1
BRDA:71,6,0,3
BRDA:76,7,0,2
BRDA:79,8,0,0
BRDA:92,9,0,2
BRDA:93,10,0,0
BRDA:94,11,0,0
BRDA:95,12,0,0
BRDA:96,13,0,1
BRDA:101,14,0,0
BRDA:101,14,1,2
BRDA:113,15,0,1
BRDA:113,15,1,1
BRDA:143,16,0,3
BRDA:143,16,1,3
BRF:23
BRH:17
end_of_record
